#
# There is insufficient memory for the Java Runtime Environment to continue.
# Native memory allocation (malloc) failed to allocate 129696 bytes for Chunk::new
# Possible reasons:
#   The system is out of physical RAM or swap space
#   In 32 bit mode, the process size limit was hit
# Possible solutions:
#   Reduce memory load on the system
#   Increase physical memory or swap space
#   Check if swap backing store is full
#   Use 64 bit Java on a 64 bit OS
#   Decrease Java heap size (-Xmx/-Xms)
#   Decrease number of Java threads
#   Decrease Java thread stack sizes (-Xss)
#   Set larger code cache with -XX:ReservedCodeCacheSize=
# This output file may be truncated or incomplete.
#
#  Out of Memory Error (allocation.cpp:390), pid=10396, tid=5768
#
# JRE version: Java(TM) SE Runtime Environment (8.0_60-b27) (build 1.8.0_60-b27)
# Java VM: Java HotSpot(TM) 64-Bit Server VM (25.60-b23 mixed mode windows-amd64 compressed oops)
# Failed to write core dump. Minidumps are not enabled by default on client versions of Windows
#

---------------  T H R E A D  ---------------

Current thread (0x00000000564b2800):  JavaThread "C2 CompilerThread0" daemon [_thread_in_native, id=5768, stack(0x0000000056b20000,0x0000000056c20000)]

Stack: [0x0000000056b20000,0x0000000056c20000]
[error occurred during error reporting (printing stack bounds), id 0xc0000005]

Native frames: (J=compiled Java code, j=interpreted, Vv=VM code, C=native code)


Current CompileTask:
C2:  16714 1760 %     4       com.android.dx.ssa.Dominators::run @ 403 (506 bytes)


---------------  P R O C E S S  ---------------

Java Threads: ( => current thread )
  0x00000000567f1800 JavaThread "pool-2-thread-4" [_thread_in_vm, id=4808, stack(0x0000000057810000,0x0000000057910000)]
  0x00000000567ee000 JavaThread "pool-2-thread-3" [_thread_blocked, id=6328, stack(0x0000000057650000,0x0000000057750000)]
  0x00000000567ec800 JavaThread "pool-2-thread-2" [_thread_blocked, id=6032, stack(0x00000000571e0000,0x00000000572e0000)]
  0x00000000567eb000 JavaThread "pool-3-thread-1" [_thread_blocked, id=11240, stack(0x00000000574f0000,0x00000000575f0000)]
  0x0000000056716800 JavaThread "pool-2-thread-1" [_thread_blocked, id=2224, stack(0x0000000057310000,0x0000000057410000)]
  0x000000005650c000 JavaThread "Service Thread" daemon [_thread_blocked, id=8000, stack(0x0000000056e20000,0x0000000056f20000)]
  0x0000000056509000 JavaThread "C1 CompilerThread2" daemon [_thread_blocked, id=8440, stack(0x0000000056f60000,0x0000000057060000)]
  0x0000000056508000 JavaThread "C2 CompilerThread1" daemon [_thread_in_native, id=9788, stack(0x0000000056d20000,0x0000000056e20000)]
=>0x00000000564b2800 JavaThread "C2 CompilerThread0" daemon [_thread_in_native, id=5768, stack(0x0000000056b20000,0x0000000056c20000)]
  0x0000000054de3000 JavaThread "Attach Listener" daemon [_thread_blocked, id=284, stack(0x0000000056250000,0x0000000056350000)]
  0x0000000054de1800 JavaThread "Signal Dispatcher" daemon [_thread_blocked, id=9100, stack(0x00000000569c0000,0x0000000056ac0000)]
  0x0000000054d87800 JavaThread "Finalizer" daemon [_thread_blocked, id=5612, stack(0x00000000563b0000,0x00000000564b0000)]
  0x0000000054d80800 JavaThread "Reference Handler" daemon [_thread_blocked, id=11680, stack(0x0000000056150000,0x0000000056250000)]
  0x000000000209e800 JavaThread "main" [_thread_blocked, id=7648, stack(0x0000000002390000,0x0000000002490000)]

Other Threads:
  0x0000000054d7b000 VMThread [stack: 0x0000000055f30000,0x0000000056030000] [id=1272]
  0x000000005651c800 WatcherThread [stack: 0x00000000570e0000,0x00000000571e0000] [id=12132]

VM state:not at safepoint (normal execution)

VM Mutex/Monitor currently owned by a thread: None

Heap:
 PSYoungGen      total 68608K, used 41999K [0x00000000eab00000, 0x00000000ef300000, 0x0000000100000000)
  eden space 63488K, 58% used [0x00000000eab00000,0x00000000ecf045d8,0x00000000ee900000)
  from space 5120K, 99% used [0x00000000eee00000,0x00000000ef2ff7f8,0x00000000ef300000)
  to   space 5120K, 0% used [0x00000000ee900000,0x00000000ee900000,0x00000000eee00000)
 ParOldGen       total 84992K, used 4529K [0x00000000c0000000, 0x00000000c5300000, 0x00000000eab00000)
  object space 84992K, 5% used [0x00000000c0000000,0x00000000c046c5b8,0x00000000c5300000)
 Metaspace       used 6206K, capacity 7088K, committed 7296K, reserved 1056768K
  class space    used 597K, capacity 616K, committed 640K, reserved 1048576K

Card table byte_map: [0x0000000011b20000,0x0000000011d30000] byte_map_base: 0x0000000011520000

Marking Bits: (ParMarkBitMap*) 0x000000006fd3a5b0
 Begin Bits: [0x00000000121f0000, 0x00000000131f0000)
 End Bits:   [0x00000000131f0000, 0x00000000141f0000)

Polling page: 0x0000000000350000

CodeCache: size=245760Kb used=7775Kb max_used=7775Kb free=237984Kb
 bounds [0x0000000002760000, 0x0000000002f00000, 0x0000000011760000]
 total_blobs=2008 nmethods=1740 adapters=181
 compilation: enabled

Compilation events (10 events):
Event: 16.342 Thread 0x0000000056509000 nmethod 1755 0x0000000002eeaa50 code [0x0000000002eeaba0, 0x0000000002eeacf0]
Event: 16.630 Thread 0x0000000056509000 1756       3       com.android.dx.ssa.back.FirstFitLocalCombiningAllocator$Alignment$1::nextClearBit (26 bytes)
Event: 16.631 Thread 0x0000000056509000 nmethod 1756 0x0000000002eea350 code [0x0000000002eea4e0, 0x0000000002eea898]
Event: 16.631 Thread 0x0000000056509000 1757       3       java.util.BitSet::trimToSize (32 bytes)
Event: 16.631 Thread 0x0000000056509000 nmethod 1757 0x0000000002efdd50 code [0x0000000002efdee0, 0x0000000002efe318]
Event: 16.699 Thread 0x00000000564b2800 1760 %     4       com.android.dx.ssa.Dominators::run @ 403 (506 bytes)
Event: 16.699 Thread 0x0000000056509000 1758       3       com.android.dx.cf.attrib.RawAttribute::<init> (17 bytes)
Event: 16.700 Thread 0x0000000056509000 nmethod 1758 0x0000000002efd250 code [0x0000000002efd400, 0x0000000002efd9e8]
Event: 16.700 Thread 0x0000000056509000 1759       3       com.android.dx.cf.attrib.RawAttribute::<init> (30 bytes)
Event: 16.700 Thread 0x0000000056509000 nmethod 1759 0x0000000002efe4d0 code [0x0000000002efe660, 0x0000000002efeab8]

GC Heap History (4 events):
Event: 4.863 GC heap before
{Heap before GC invocations=1 (full 0):
 PSYoungGen      total 36864K, used 31744K [0x00000000eab00000, 0x00000000ed400000, 0x0000000100000000)
  eden space 31744K, 100% used [0x00000000eab00000,0x00000000eca00000,0x00000000eca00000)
  from space 5120K, 0% used [0x00000000ecf00000,0x00000000ecf00000,0x00000000ed400000)
  to   space 5120K, 0% used [0x00000000eca00000,0x00000000eca00000,0x00000000ecf00000)
 ParOldGen       total 84992K, used 0K [0x00000000c0000000, 0x00000000c5300000, 0x00000000eab00000)
  object space 84992K, 0% used [0x00000000c0000000,0x00000000c0000000,0x00000000c5300000)
 Metaspace       used 5833K, capacity 6768K, committed 7040K, reserved 1056768K
  class space    used 594K, capacity 616K, committed 640K, reserved 1048576K
Event: 5.031 GC heap after
Heap after GC invocations=1 (full 0):
 PSYoungGen      total 36864K, used 5113K [0x00000000eab00000, 0x00000000ef300000, 0x0000000100000000)
  eden space 31744K, 0% used [0x00000000eab00000,0x00000000eab00000,0x00000000eca00000)
  from space 5120K, 99% used [0x00000000eca00000,0x00000000ecefe468,0x00000000ecf00000)
  to   space 5120K, 0% used [0x00000000eee00000,0x00000000eee00000,0x00000000ef300000)
 ParOldGen       total 84992K, used 802K [0x00000000c0000000, 0x00000000c5300000, 0x00000000eab00000)
  object space 84992K, 0% used [0x00000000c0000000,0x00000000c00c8ac8,0x00000000c5300000)
 Metaspace       used 5833K, capacity 6768K, committed 7040K, reserved 1056768K
  class space    used 594K, capacity 616K, committed 640K, reserved 1048576K
}
Event: 10.052 GC heap before
{Heap before GC invocations=2 (full 0):
 PSYoungGen      total 36864K, used 36857K [0x00000000eab00000, 0x00000000ef300000, 0x0000000100000000)
  eden space 31744K, 100% used [0x00000000eab00000,0x00000000eca00000,0x00000000eca00000)
  from space 5120K, 99% used [0x00000000eca00000,0x00000000ecefe468,0x00000000ecf00000)
  to   space 5120K, 0% used [0x00000000eee00000,0x00000000eee00000,0x00000000ef300000)
 ParOldGen       total 84992K, used 802K [0x00000000c0000000, 0x00000000c5300000, 0x00000000eab00000)
  object space 84992K, 0% used [0x00000000c0000000,0x00000000c00c8ac8,0x00000000c5300000)
 Metaspace       used 6095K, capacity 7024K, committed 7296K, reserved 1056768K
  class space    used 596K, capacity 616K, committed 640K, reserved 1048576K
Event: 10.698 GC heap after
Heap after GC invocations=2 (full 0):
 PSYoungGen      total 68608K, used 5117K [0x00000000eab00000, 0x00000000ef300000, 0x0000000100000000)
  eden space 63488K, 0% used [0x00000000eab00000,0x00000000eab00000,0x00000000ee900000)
  from space 5120K, 99% used [0x00000000eee00000,0x00000000ef2ff7f8,0x00000000ef300000)
  to   space 5120K, 0% used [0x00000000ee900000,0x00000000ee900000,0x00000000eee00000)
 ParOldGen       total 84992K, used 4529K [0x00000000c0000000, 0x00000000c5300000, 0x00000000eab00000)
  object space 84992K, 5% used [0x00000000c0000000,0x00000000c046c5b8,0x00000000c5300000)
 Metaspace       used 6095K, capacity 7024K, committed 7296K, reserved 1056768K
  class space    used 596K, capacity 616K, committed 640K, reserved 1048576K
}

Deoptimization events (10 events):
Event: 9.418 Thread 0x000000000209e800 Uncommon trap: reason=unstable_if action=reinterpret pc=0x0000000002c07f8c method=java.lang.String.<init>([CII)V @ 18
Event: 9.902 Thread 0x0000000056716800 Uncommon trap: reason=bimorphic action=maybe_recompile pc=0x0000000002d8a1e4 method=com.android.dx.ssa.SCCP.simulatePhi(Lcom/android/dx/ssa/PhiInsn;)V @ 124
Event: 9.902 Thread 0x0000000056716800 Uncommon trap: reason=bimorphic action=maybe_recompile pc=0x0000000002d8a1e4 method=com.android.dx.ssa.SCCP.simulatePhi(Lcom/android/dx/ssa/PhiInsn;)V @ 124
Event: 9.904 Thread 0x0000000056716800 Uncommon trap: reason=bimorphic action=maybe_recompile pc=0x0000000002d8a1e4 method=com.android.dx.ssa.SCCP.simulatePhi(Lcom/android/dx/ssa/PhiInsn;)V @ 124
Event: 9.904 Thread 0x0000000056716800 Uncommon trap: reason=bimorphic action=maybe_recompile pc=0x0000000002d8a1e4 method=com.android.dx.ssa.SCCP.simulatePhi(Lcom/android/dx/ssa/PhiInsn;)V @ 124
Event: 9.969 Thread 0x0000000056716800 Uncommon trap: reason=bimorphic action=maybe_recompile pc=0x0000000002d446d4 method=com.android.dx.ssa.SCCP.simulatePhi(Lcom/android/dx/ssa/PhiInsn;)V @ 124
Event: 11.068 Thread 0x0000000056716800 Uncommon trap: reason=unstable_if action=reinterpret pc=0x0000000002b492cc method=com.android.dx.ssa.SsaMethod.updateOneDefinition(Lcom/android/dx/ssa/SsaInsn;Lcom/android/dx/rop/code/RegisterSpec;)V @ 4
Event: 11.069 Thread 0x0000000056716800 Uncommon trap: reason=unstable_if action=reinterpret pc=0x0000000002d3ca9c method=com.android.dx.ssa.DeadCodeRemover.pruneDeadInstructions()V @ 49
Event: 14.489 Thread 0x00000000567ec800 Uncommon trap: reason=class_check action=maybe_recompile pc=0x0000000002c19c8c method=com.android.dx.ssa.SCCP.simulateBranch(Lcom/android/dx/ssa/SsaInsn;)V @ 145
Event: 15.486 Thread 0x0000000056716800 Uncommon trap: reason=class_check action=maybe_recompile pc=0x0000000002c19c8c method=com.android.dx.ssa.SCCP.simulateBranch(Lcom/android/dx/ssa/SsaInsn;)V @ 145

Internal exceptions (2 events):
Event: 0.804 Thread 0x000000000209e800 Exception <a 'java/lang/NoSuchMethodError': Method sun.misc.Unsafe.defineClass(Ljava/lang/String;[BII)Ljava/lang/Class; name or signature does not match> (0x00000000eab0da58) thrown at [C:\re\workspace\8-2-build-windows-amd64-cygwin\jdk8u60\4407\hotspot\sr—
Event: 0.804 Thread 0x000000000209e800 Exception <a 'java/lang/NoSuchMethodError': Method sun.misc.Unsafe.prefetchRead(Ljava/lang/Object;J)V name or signature does not match> (0x00000000eab0dd40) thrown at [C:\re\workspace\8-2-build-windows-amd64-cygwin\jdk8u60\4407\hotspot\src\share\vm\prims\j

Events (10 events):
Event: 13.772 loading class com/android/dx/cf/code/LocalVariableList$Item
Event: 13.772 loading class com/android/dx/cf/code/LocalVariableList$Item done
Event: 14.489 Thread 0x00000000567ec800 Uncommon trap: trap_request=0xffffffde fr.pc=0x0000000002c19c8c
Event: 14.489 Thread 0x00000000567ec800 DEOPT PACKING pc=0x0000000002c19c8c sp=0x00000000572de490
Event: 14.489 Thread 0x00000000567ec800 DEOPT UNPACKING pc=0x00000000027a582a sp=0x00000000572de458 mode 2
Event: 15.486 Thread 0x0000000056716800 Uncommon trap: trap_request=0xffffffde fr.pc=0x0000000002c19c8c
Event: 15.486 Thread 0x0000000056716800 DEOPT PACKING pc=0x0000000002c19c8c sp=0x000000005740ec90
Event: 15.486 Thread 0x0000000056716800 DEOPT UNPACKING pc=0x00000000027a582a sp=0x000000005740ec58 mode 2
Event: 16.143 Thread 0x00000000567f1800 DEOPT PACKING pc=0x0000000002bfb355 sp=0x000000005790e9b0
Event: 16.143 Thread 0x00000000567f1800 DEOPT UNPACKING pc=0x00000000027a787f sp=0x000000005790e6e8 mode 0


Dynamic libraries:
0x000000013f220000 - 0x000000013f257000 	C:\Program Files\Java\jdk1.8.0_60\bin\java.exe
0x00000000777b0000 - 0x000000007795b000 	C:\windows\SYSTEM32\ntdll.dll
0x0000000077590000 - 0x00000000776af000 	C:\windows\system32\kernel32.dll
0x000007fefd840000 - 0x000007fefd8aa000 	C:\windows\system32\KERNELBASE.dll
0x00000000753f0000 - 0x0000000075479000 	C:\windows\System32\SYSFER.DLL
0x000007feff9e0000 - 0x000007feffabb000 	C:\windows\system32\ADVAPI32.dll
0x000007fefdb10000 - 0x000007fefdbaf000 	C:\windows\system32\msvcrt.dll
0x000007fefdef0000 - 0x000007fefdf0f000 	C:\windows\SYSTEM32\sechost.dll
0x000007fefdc10000 - 0x000007fefdd3d000 	C:\windows\system32\RPCRT4.dll
0x00000000776b0000 - 0x00000000777aa000 	C:\windows\system32\USER32.dll
0x000007feff6f0000 - 0x000007feff757000 	C:\windows\system32\GDI32.dll
0x000007fefe060000 - 0x000007fefe06e000 	C:\windows\system32\LPK.dll
0x000007feff910000 - 0x000007feff9da000 	C:\windows\system32\USP10.dll
0x000007fefc140000 - 0x000007fefc334000 	C:\windows\WinSxS\amd64_microsoft.windows.common-controls_6595b64144ccf1df_6.0.7601.18837_none_fa3b1e3d17594757\COMCTL32.dll
0x000007fefdf10000 - 0x000007fefdf81000 	C:\windows\system32\SHLWAPI.dll
0x000007fefe030000 - 0x000007fefe05e000 	C:\windows\system32\IMM32.DLL
0x000007fefe070000 - 0x000007fefe179000 	C:\windows\system32\MSCTF.dll
0x0000000063280000 - 0x0000000063352000 	C:\Program Files\Java\jdk1.8.0_60\jre\bin\msvcr100.dll
0x000000006f530000 - 0x000000006fdb9000 	C:\Program Files\Java\jdk1.8.0_60\jre\bin\server\jvm.dll
0x000007fef8990000 - 0x000007fef8999000 	C:\windows\system32\WSOCK32.dll
0x000007fefdac0000 - 0x000007fefdb0d000 	C:\windows\system32\WS2_32.dll
0x000007fefe180000 - 0x000007fefe188000 	C:\windows\system32\NSI.dll
0x000007fefb300000 - 0x000007fefb33b000 	C:\windows\system32\WINMM.dll
0x000007fefc7d0000 - 0x000007fefc7dc000 	C:\windows\system32\VERSION.dll
0x0000000077980000 - 0x0000000077987000 	C:\windows\system32\PSAPI.DLL
0x00000000724b0000 - 0x00000000724bf000 	C:\Program Files\Java\jdk1.8.0_60\jre\bin\verify.dll
0x0000000072480000 - 0x00000000724a9000 	C:\Program Files\Java\jdk1.8.0_60\jre\bin\java.dll
0x0000000072460000 - 0x0000000072476000 	C:\Program Files\Java\jdk1.8.0_60\jre\bin\zip.dll
0x000007fefe3f0000 - 0x000007feff17c000 	C:\windows\system32\SHELL32.dll
0x000007feff4e0000 - 0x000007feff6e3000 	C:\windows\system32\ole32.dll
0x000007fefd6b0000 - 0x000007fefd6bf000 	C:\windows\system32\profapi.dll

VM Arguments:
jvm_args: -Djava.awt.headless=true -Xmx1024M -Dfile.encoding=windows-1252 -Duser.country=US -Duser.language=en -Duser.variant 
java_command: com.android.dx.command.Main --dex --force-jumbo --num-threads=4 --multi-dex --output C:\Users\cardosod\Downloads\FirebaseExample\app\build\intermediates\transforms\dex\debug\folders\1000\10\com.google.firebase-firebase-database-9.0.0_e6a986761324b8bc4eaeac109bb23bd7329623e3 C:\Users\cardosod\Downloads\FirebaseExample\app\build\intermediates\exploded-aar\com.google.firebase\firebase-database\9.0.0\jars\classes.jar
java_class_path (initial): C:\Users\cardosod\AppData\Local\Android\sdk1\build-tools\23.0.2\lib\dx.jar
Launcher Type: SUN_STANDARD

Environment Variables:
PATH=C:\windows\CCM\;C:\ProgramData\Oracle\Java\javapath;C:\Program Files (x86)\RSA SecurID Token Common;C:\windows\system32;C:\windows;C:\windows\System32\Wbem;C:\windows\System32\WindowsPowerShell\v1.0\;C:\Users\cardosod\Desktop\Eldorado\Fastboot;C:\Users\cardosod\Desktop\Eldorado\Scripts;C:\Program Files (x86)\Android\android-sdk\platform-tools;C:\Users\cardosod\Desktop\backup-new\X2_SubLock\modem_scripts_py27;C:\Python_3.5;C:\Python_3.5\Scripts;C:\Python_3.5\Lib\site-packages\django\bin;C:\Program Files\TortoiseSVN\bin;C:\Program Files\Java\jre7\bin;C:\Program Files (x86)\Skype\Phone\;C:\Program Files\CPV\ODM;C:\Users\cardosod\AppData\Local\Google\Chrome\Application;C:\ProgramData\Oracle\Java\javapath;C:\windows\system32;C:\windows;C:\windows\System32\Wbem;C:\windows\System32\WindowsPowerShell\v1.0\;C:\Users\cardosod\Desktop\Eldorado\Fastboot;C:\Users\cardosod\Desktop\Eldorado\Scripts;C:\Program Files (x86)\Android\android-sdk\platform-tools;C:\Users\cardosod\Desktop\backup-new\X2_SubLock\modem_scripts_py27;C:\Python27;C:\Program Files\CPV\ODM;C:\Users\cardosod\AppData\Local\Programs\Git\cmd
USERNAME=cardosod
OS=Windows_NT
PROCESSOR_IDENTIFIER=Intel64 Family 6 Model 69 Stepping 1, GenuineIntel



---------------  S Y S T E M  ---------------

OS: Windows 7 , 64 bit Build 7601 (6.1.7601.23455)

CPU:total 4 (2 cores per cpu, 2 threads per core) family 6 model 69 stepping 1, cmov, cx8, fxsr, mmx, sse, sse2, sse3, ssse3, sse4.1, sse4.2, popcnt, avx, avx2, aes, clmul, erms, lzcnt, ht, tsc, tscinvbit, bmi1, bmi2

Memory: 4k page, physical 8069036k(159436k free), swap 10200252k(4580k free)

vm_info: Java HotSpot(TM) 64-Bit Server VM (25.60-b23) for windows-amd64 JRE (1.8.0_60-b27), built on Aug  4 2015 11:06:27 by "java_re" with MS VC++ 10.0 (VS2010)

time: Tue Jul 26 08:21:28 2016
elapsed time: 16 seconds (0d 0h 0m 16s)

