#
# There is insufficient memory for the Java Runtime Environment to continue.
# Native memory allocation (malloc) failed to allocate 1016176 bytes for Chunk::new
# Possible reasons:
#   The system is out of physical RAM or swap space
#   In 32 bit mode, the process size limit was hit
# Possible solutions:
#   Reduce memory load on the system
#   Increase physical memory or swap space
#   Check if swap backing store is full
#   Use 64 bit Java on a 64 bit OS
#   Decrease Java heap size (-Xmx/-Xms)
#   Decrease number of Java threads
#   Decrease Java thread stack sizes (-Xss)
#   Set larger code cache with -XX:ReservedCodeCacheSize=
# This output file may be truncated or incomplete.
#
#  Out of Memory Error (allocation.cpp:390), pid=10784, tid=10356
#
# JRE version: Java(TM) SE Runtime Environment (8.0_60-b27) (build 1.8.0_60-b27)
# Java VM: Java HotSpot(TM) 64-Bit Server VM (25.60-b23 mixed mode windows-amd64 compressed oops)
# Failed to write core dump. Minidumps are not enabled by default on client versions of Windows
#

---------------  T H R E A D  ---------------

Current thread (0x0000000054db6000):  JavaThread "C2 CompilerThread1" daemon [_thread_in_native, id=10356, stack(0x0000000056980000,0x0000000056a80000)]

Stack: [0x0000000056980000,0x0000000056a80000]
[error occurred during error reporting (printing stack bounds), id 0xc0000005]

Native frames: (J=compiled Java code, j=interpreted, Vv=VM code, C=native code)


Current CompileTask:
C2:  11879 1894       4       com.android.dx.cf.code.Simulator$SimVisitor::visitConstant (332 bytes)


---------------  P R O C E S S  ---------------

Java Threads: ( => current thread )
  0x0000000056380800 JavaThread "Service Thread" daemon [_thread_blocked, id=6000, stack(0x0000000056ee0000,0x0000000056fe0000)]
  0x0000000054dba800 JavaThread "C1 CompilerThread2" daemon [_thread_in_vm, id=7672, stack(0x0000000056ca0000,0x0000000056da0000)]
=>0x0000000054db6000 JavaThread "C2 CompilerThread1" daemon [_thread_in_native, id=10356, stack(0x0000000056980000,0x0000000056a80000)]
  0x0000000056308800 JavaThread "C2 CompilerThread0" daemon [_thread_blocked, id=5396, stack(0x0000000056a80000,0x0000000056b80000)]
  0x0000000054db3000 JavaThread "Attach Listener" daemon [_thread_blocked, id=3620, stack(0x0000000056820000,0x0000000056920000)]
  0x0000000054db1800 JavaThread "Signal Dispatcher" daemon [_thread_blocked, id=1140, stack(0x0000000055f00000,0x0000000056000000)]
  0x0000000054d51800 JavaThread "Finalizer" daemon [_thread_blocked, id=2240, stack(0x0000000056200000,0x0000000056300000)]
  0x0000000054d50800 JavaThread "Reference Handler" daemon [_thread_blocked, id=4148, stack(0x0000000056040000,0x0000000056140000)]
  0x0000000001f9e800 JavaThread "main" [_thread_in_vm, id=9596, stack(0x0000000002060000,0x0000000002160000)]

Other Threads:
  0x0000000054d4b000 VMThread [stack: 0x0000000055de0000,0x0000000055ee0000] [id=9900]
  0x00000000563a6000 WatcherThread [stack: 0x0000000057080000,0x0000000057180000] [id=9500]

VM state:not at safepoint (normal execution)

VM Mutex/Monitor currently owned by a thread:  ([mutex/lock_event])
[0x0000000001f99210] CodeCache_lock - owner thread: 0x0000000054dba800
[0x0000000001f9cf90] AdapterHandlerLibrary_lock - owner thread: 0x0000000001f9e800
[0x0000000001f9d510] Compile_lock - owner thread: 0x0000000054dba800
[0x0000000001f9d610] MethodCompileQueue_lock - owner thread: 0x0000000054dba800

Heap:
 PSYoungGen      total 68608K, used 27724K [0x00000000eab00000, 0x00000000f3100000, 0x0000000100000000)
  eden space 63488K, 35% used [0x00000000eab00000,0x00000000ec117338,0x00000000ee900000)
  from space 5120K, 99% used [0x00000000ee900000,0x00000000eedfc038,0x00000000eee00000)
  to   space 5120K, 0% used [0x00000000f2c00000,0x00000000f2c00000,0x00000000f3100000)
 ParOldGen       total 84992K, used 14591K [0x00000000c0000000, 0x00000000c5300000, 0x00000000eab00000)
  object space 84992K, 17% used [0x00000000c0000000,0x00000000c0e3ff08,0x00000000c5300000)
 Metaspace       used 6319K, capacity 7154K, committed 7296K, reserved 1056768K
  class space    used 602K, capacity 618K, committed 640K, reserved 1048576K

Card table byte_map: [0x0000000011870000,0x0000000011a80000] byte_map_base: 0x0000000011270000

Marking Bits: (ParMarkBitMap*) 0x000000006fd3a5b0
 Begin Bits: [0x00000000121c0000, 0x00000000131c0000)
 End Bits:   [0x00000000131c0000, 0x00000000141c0000)

Polling page: 0x0000000000250000

CodeCache: size=245760Kb used=8597Kb max_used=8608Kb free=237162Kb
 bounds [0x00000000024b0000, 0x0000000002d20000, 0x00000000114b0000]
 total_blobs=2169 nmethods=1899 adapters=181
 compilation: enabled

Compilation events (10 events):
Event: 11.094 Thread 0x0000000054dba800 1907       3       java.util.concurrent.locks.ReentrantLock$Sync::nonfairTryAcquire (67 bytes)
Event: 11.094 Thread 0x0000000054dba800 nmethod 1907 0x0000000002d16310 code [0x0000000002d164a0, 0x0000000002d16bc8]
Event: 11.116 Thread 0x0000000056308800 nmethod 1896 0x0000000002d1d550 code [0x0000000002d1d740, 0x0000000002d1e3e8]
Event: 11.116 Thread 0x0000000056308800 1890       4       com.android.dx.cf.code.BasicBlocker::visitLocal (34 bytes)
Event: 11.119 Thread 0x0000000056308800 nmethod 1890 0x0000000002d15dd0 code [0x0000000002d15f20, 0x0000000002d16078]
Event: 11.119 Thread 0x0000000056308800 1891       4       com.android.dx.cf.code.RopperMachine::startBlock (48 bytes)
Event: 11.121 Thread 0x0000000056308800 nmethod 1891 0x0000000002d15ad0 code [0x0000000002d15c00, 0x0000000002d15d18]
Event: 11.121 Thread 0x0000000056308800 1898       4       com.android.dx.cf.code.Ropper::addBlock (37 bytes)
Event: 11.132 Thread 0x0000000056308800 nmethod 1898 0x0000000002d1ef50 code [0x0000000002d1f0c0, 0x0000000002d1f758]
Event: 11.136 Thread 0x0000000054dba800 1908       3       java.util.concurrent.FutureTask::report (37 bytes)

GC Heap History (6 events):
Event: 0.831 GC heap before
{Heap before GC invocations=1 (full 0):
 PSYoungGen      total 36864K, used 31744K [0x00000000eab00000, 0x00000000ed400000, 0x0000000100000000)
  eden space 31744K, 100% used [0x00000000eab00000,0x00000000eca00000,0x00000000eca00000)
  from space 5120K, 0% used [0x00000000ecf00000,0x00000000ecf00000,0x00000000ed400000)
  to   space 5120K, 0% used [0x00000000eca00000,0x00000000eca00000,0x00000000ecf00000)
 ParOldGen       total 84992K, used 0K [0x00000000c0000000, 0x00000000c5300000, 0x00000000eab00000)
  object space 84992K, 0% used [0x00000000c0000000,0x00000000c0000000,0x00000000c5300000)
 Metaspace       used 5879K, capacity 6832K, committed 7040K, reserved 1056768K
  class space    used 598K, capacity 616K, committed 640K, reserved 1048576K
Event: 0.846 GC heap after
Heap after GC invocations=1 (full 0):
 PSYoungGen      total 36864K, used 5092K [0x00000000eab00000, 0x00000000ef300000, 0x0000000100000000)
  eden space 31744K, 0% used [0x00000000eab00000,0x00000000eab00000,0x00000000eca00000)
  from space 5120K, 99% used [0x00000000eca00000,0x00000000ecef91e0,0x00000000ecf00000)
  to   space 5120K, 0% used [0x00000000eee00000,0x00000000eee00000,0x00000000ef300000)
 ParOldGen       total 84992K, used 883K [0x00000000c0000000, 0x00000000c5300000, 0x00000000eab00000)
  object space 84992K, 1% used [0x00000000c0000000,0x00000000c00dcea0,0x00000000c5300000)
 Metaspace       used 5879K, capacity 6832K, committed 7040K, reserved 1056768K
  class space    used 598K, capacity 616K, committed 640K, reserved 1048576K
}
Event: 5.297 GC heap before
{Heap before GC invocations=2 (full 0):
 PSYoungGen      total 36864K, used 36836K [0x00000000eab00000, 0x00000000ef300000, 0x0000000100000000)
  eden space 31744K, 100% used [0x00000000eab00000,0x00000000eca00000,0x00000000eca00000)
  from space 5120K, 99% used [0x00000000eca00000,0x00000000ecef91e0,0x00000000ecf00000)
  to   space 5120K, 0% used [0x00000000eee00000,0x00000000eee00000,0x00000000ef300000)
 ParOldGen       total 84992K, used 883K [0x00000000c0000000, 0x00000000c5300000, 0x00000000eab00000)
  object space 84992K, 1% used [0x00000000c0000000,0x00000000c00dcea0,0x00000000c5300000)
 Metaspace       used 6160K, capacity 7088K, committed 7296K, reserved 1056768K
  class space    used 598K, capacity 616K, committed 640K, reserved 1048576K
Event: 5.352 GC heap after
Heap after GC invocations=2 (full 0):
 PSYoungGen      total 68608K, used 5104K [0x00000000eab00000, 0x00000000ef300000, 0x0000000100000000)
  eden space 63488K, 0% used [0x00000000eab00000,0x00000000eab00000,0x00000000ee900000)
  from space 5120K, 99% used [0x00000000eee00000,0x00000000ef2fc038,0x00000000ef300000)
  to   space 5120K, 0% used [0x00000000ee900000,0x00000000ee900000,0x00000000eee00000)
 ParOldGen       total 84992K, used 4543K [0x00000000c0000000, 0x00000000c5300000, 0x00000000eab00000)
  object space 84992K, 5% used [0x00000000c0000000,0x00000000c046ff08,0x00000000c5300000)
 Metaspace       used 6160K, capacity 7088K, committed 7296K, reserved 1056768K
  class space    used 598K, capacity 616K, committed 640K, reserved 1048576K
}
Event: 7.386 GC heap before
{Heap before GC invocations=3 (full 0):
 PSYoungGen      total 68608K, used 68592K [0x00000000eab00000, 0x00000000ef300000, 0x0000000100000000)
  eden space 63488K, 100% used [0x00000000eab00000,0x00000000ee900000,0x00000000ee900000)
  from space 5120K, 99% used [0x00000000eee00000,0x00000000ef2fc038,0x00000000ef300000)
  to   space 5120K, 0% used [0x00000000ee900000,0x00000000ee900000,0x00000000eee00000)
 ParOldGen       total 84992K, used 4543K [0x00000000c0000000, 0x00000000c5300000, 0x00000000eab00000)
  object space 84992K, 5% used [0x00000000c0000000,0x00000000c046ff08,0x00000000c5300000)
 Metaspace       used 6258K, capacity 7088K, committed 7296K, reserved 1056768K
  class space    used 600K, capacity 616K, committed 640K, reserved 1048576K
Event: 7.808 GC heap after
Heap after GC invocations=3 (full 0):
 PSYoungGen      total 68608K, used 5104K [0x00000000eab00000, 0x00000000f3100000, 0x0000000100000000)
  eden space 63488K, 0% used [0x00000000eab00000,0x00000000eab00000,0x00000000ee900000)
  from space 5120K, 99% used [0x00000000ee900000,0x00000000eedfc038,0x00000000eee00000)
  to   space 5120K, 0% used [0x00000000f2c00000,0x00000000f2c00000,0x00000000f3100000)
 ParOldGen       total 84992K, used 14591K [0x00000000c0000000, 0x00000000c5300000, 0x00000000eab00000)
  object space 84992K, 17% used [0x00000000c0000000,0x00000000c0e3ff08,0x00000000c5300000)
 Metaspace       used 6258K, capacity 7088K, committed 7296K, reserved 1056768K
  class space    used 600K, capacity 616K, committed 640K, reserved 1048576K
}

Deoptimization events (10 events):
Event: 7.203 Thread 0x00000000565d5800 Uncommon trap: reason=bimorphic action=maybe_recompile pc=0x0000000002a9c1e8 method=com.android.dx.cf.code.RopperMachine.run(Lcom/android/dx/cf/code/Frame;II)V @ 310
Event: 7.212 Thread 0x00000000565d5800 Uncommon trap: reason=bimorphic action=maybe_recompile pc=0x00000000026f1830 method=java.util.HashMap.getNode(ILjava/lang/Object;)Ljava/util/HashMap$Node; @ 126
Event: 7.326 Thread 0x0000000056562000 Uncommon trap: reason=bimorphic action=maybe_recompile pc=0x0000000002a6b488 method=com.android.dx.ssa.SCCP.setLatticeValueTo(IILcom/android/dx/rop/cst/Constant;)Z @ 43
Event: 7.342 Thread 0x00000000565d7000 Uncommon trap: reason=unstable_if action=reinterpret pc=0x0000000002c03f9c method=com.android.dx.ssa.LiteralOpUpgrader$1.visitNonMoveInsn(Lcom/android/dx/ssa/NormalSsaInsn;)V @ 91
Event: 7.361 Thread 0x00000000565d5800 Uncommon trap: reason=unstable_if action=reinterpret pc=0x0000000002b714cc method=com.android.dx.cf.code.Ropper.isSynchronized()Z @ 12
Event: 7.362 Thread 0x00000000565d5800 Uncommon trap: reason=unstable_if action=reinterpret pc=0x000000000291ea30 method=com.android.dx.ssa.MoveParamCombiner$1.visitNonMoveInsn(Lcom/android/dx/ssa/NormalSsaInsn;)V @ 27
Event: 8.941 Thread 0x00000000565d6000 Uncommon trap: reason=uninitialized action=reinterpret pc=0x0000000002a56680 method=com.android.dx.cf.code.BytecodeArray.parseInstruction(ILcom/android/dx/cf/code/BytecodeArray$Visitor;)I @ 1047
Event: 8.941 Thread 0x00000000565d6000 Uncommon trap: reason=bimorphic action=maybe_recompile pc=0x0000000002a9c1cc method=com.android.dx.cf.code.RopperMachine.run(Lcom/android/dx/cf/code/Frame;II)V @ 988
Event: 9.187 Thread 0x00000000565d6000 Uncommon trap: reason=bimorphic action=maybe_recompile pc=0x0000000002732d9c method=java.util.HashMap.getNode(ILjava/lang/Object;)Ljava/util/HashMap$Node; @ 126
Event: 9.187 Thread 0x00000000565d6000 Uncommon trap: reason=class_check action=maybe_recompile pc=0x00000000029f1338 method=java.util.HashMap.putVal(ILjava/lang/Object;Ljava/lang/Object;ZZ)Ljava/lang/Object; @ 203

Internal exceptions (2 events):
Event: 0.163 Thread 0x0000000001f9e800 Exception <a 'java/lang/NoSuchMethodError': Method sun.misc.Unsafe.defineClass(Ljava/lang/String;[BII)Ljava/lang/Class; name or signature does not match> (0x00000000eab0d9f8) thrown at [C:\re\workspace\8-2-build-windows-amd64-cygwin\jdk8u60\4407\hotspot\srHoÌçréÄ?
Event: 0.163 Thread 0x0000000001f9e800 Exception <a 'java/lang/NoSuchMethodError': Method sun.misc.Unsafe.prefetchRead(Ljava/lang/Object;J)V name or signature does not match> (0x00000000eab0dce0) thrown at [C:\re\workspace\8-2-build-windows-amd64-cygwin\jdk8u60\4407\hotspot\src\share\vm\prims\j

Events (10 events):
Event: 11.074 loading class java/util/HashMap$KeySet done
Event: 11.074 loading class java/util/HashMap$KeyIterator
Event: 11.074 loading class java/util/HashMap$KeyIterator done
Event: 11.075 Thread 0x00000000565d6000 Thread exited: 0x00000000565d6000
Event: 11.079 Thread 0x00000000565d5800 Thread exited: 0x00000000565d5800
Event: 11.135 Thread 0x00000000565d7000 Thread exited: 0x00000000565d7000
Event: 11.135 Thread 0x0000000056562000 Thread exited: 0x0000000056562000
Event: 11.135 Thread 0x00000000566e7800 Thread exited: 0x00000000566e7800
Event: 11.136 loading class com/android/dx/command/dexer/Main$DexWriter
Event: 11.136 loading class com/android/dx/command/dexer/Main$DexWriter done


Dynamic libraries:
0x000000013f220000 - 0x000000013f257000 	C:\Program Files\Java\jdk1.8.0_60\bin\java.exe
0x00000000777b0000 - 0x000000007795b000 	C:\windows\SYSTEM32\ntdll.dll
0x0000000077590000 - 0x00000000776af000 	C:\windows\system32\kernel32.dll
0x000007fefd840000 - 0x000007fefd8aa000 	C:\windows\system32\KERNELBASE.dll
0x00000000753f0000 - 0x0000000075479000 	C:\windows\System32\SYSFER.DLL
0x000007feff9e0000 - 0x000007feffabb000 	C:\windows\system32\ADVAPI32.dll
0x000007fefdb10000 - 0x000007fefdbaf000 	C:\windows\system32\msvcrt.dll
0x000007fefdef0000 - 0x000007fefdf0f000 	C:\windows\SYSTEM32\sechost.dll
0x000007fefdc10000 - 0x000007fefdd3d000 	C:\windows\system32\RPCRT4.dll
0x00000000776b0000 - 0x00000000777aa000 	C:\windows\system32\USER32.dll
0x000007feff6f0000 - 0x000007feff757000 	C:\windows\system32\GDI32.dll
0x000007fefe060000 - 0x000007fefe06e000 	C:\windows\system32\LPK.dll
0x000007feff910000 - 0x000007feff9da000 	C:\windows\system32\USP10.dll
0x000007fefc140000 - 0x000007fefc334000 	C:\windows\WinSxS\amd64_microsoft.windows.common-controls_6595b64144ccf1df_6.0.7601.18837_none_fa3b1e3d17594757\COMCTL32.dll
0x000007fefdf10000 - 0x000007fefdf81000 	C:\windows\system32\SHLWAPI.dll
0x000007fefe030000 - 0x000007fefe05e000 	C:\windows\system32\IMM32.DLL
0x000007fefe070000 - 0x000007fefe179000 	C:\windows\system32\MSCTF.dll
0x0000000063280000 - 0x0000000063352000 	C:\Program Files\Java\jdk1.8.0_60\jre\bin\msvcr100.dll
0x000000006f530000 - 0x000000006fdb9000 	C:\Program Files\Java\jdk1.8.0_60\jre\bin\server\jvm.dll
0x000007fef8990000 - 0x000007fef8999000 	C:\windows\system32\WSOCK32.dll
0x000007fefdac0000 - 0x000007fefdb0d000 	C:\windows\system32\WS2_32.dll
0x000007fefe180000 - 0x000007fefe188000 	C:\windows\system32\NSI.dll
0x000007fefb300000 - 0x000007fefb33b000 	C:\windows\system32\WINMM.dll
0x000007fefc7d0000 - 0x000007fefc7dc000 	C:\windows\system32\VERSION.dll
0x0000000077980000 - 0x0000000077987000 	C:\windows\system32\PSAPI.DLL
0x00000000724b0000 - 0x00000000724bf000 	C:\Program Files\Java\jdk1.8.0_60\jre\bin\verify.dll
0x0000000072480000 - 0x00000000724a9000 	C:\Program Files\Java\jdk1.8.0_60\jre\bin\java.dll
0x0000000072460000 - 0x0000000072476000 	C:\Program Files\Java\jdk1.8.0_60\jre\bin\zip.dll
0x000007fefe3f0000 - 0x000007feff17c000 	C:\windows\system32\SHELL32.dll
0x000007feff4e0000 - 0x000007feff6e3000 	C:\windows\system32\ole32.dll
0x000007fefd6b0000 - 0x000007fefd6bf000 	C:\windows\system32\profapi.dll

VM Arguments:
jvm_args: -Djava.awt.headless=true -Xmx1024M -Dfile.encoding=windows-1252 -Duser.country=US -Duser.language=en -Duser.variant 
java_command: com.android.dx.command.Main --dex --force-jumbo --num-threads=4 --multi-dex --output C:\Users\cardosod\Downloads\FirebaseExample\app\build\intermediates\transforms\dex\debug\folders\1000\10\com.google.android.gms-play-services-base-9.0.0_c13cd3e85c385d69aa900a380bd0fd04995b190d C:\Users\cardosod\Downloads\FirebaseExample\app\build\intermediates\exploded-aar\com.google.android.gms\play-services-base\9.0.0\jars\classes.jar
java_class_path (initial): C:\Users\cardosod\AppData\Local\Android\sdk1\build-tools\23.0.2\lib\dx.jar
Launcher Type: SUN_STANDARD

Environment Variables:
PATH=C:\windows\CCM\;C:\ProgramData\Oracle\Java\javapath;C:\Program Files (x86)\RSA SecurID Token Common;C:\windows\system32;C:\windows;C:\windows\System32\Wbem;C:\windows\System32\WindowsPowerShell\v1.0\;C:\Users\cardosod\Desktop\Eldorado\Fastboot;C:\Users\cardosod\Desktop\Eldorado\Scripts;C:\Program Files (x86)\Android\android-sdk\platform-tools;C:\Users\cardosod\Desktop\backup-new\X2_SubLock\modem_scripts_py27;C:\Python_3.5;C:\Python_3.5\Scripts;C:\Python_3.5\Lib\site-packages\django\bin;C:\Program Files\TortoiseSVN\bin;C:\Program Files\Java\jre7\bin;C:\Program Files (x86)\Skype\Phone\;C:\Program Files\CPV\ODM;C:\Users\cardosod\AppData\Local\Google\Chrome\Application;C:\ProgramData\Oracle\Java\javapath;C:\windows\system32;C:\windows;C:\windows\System32\Wbem;C:\windows\System32\WindowsPowerShell\v1.0\;C:\Users\cardosod\Desktop\Eldorado\Fastboot;C:\Users\cardosod\Desktop\Eldorado\Scripts;C:\Program Files (x86)\Android\android-sdk\platform-tools;C:\Users\cardosod\Desktop\backup-new\X2_SubLock\modem_scripts_py27;C:\Python27;C:\Program Files\CPV\ODM;C:\Users\cardosod\AppData\Local\Programs\Git\cmd
USERNAME=cardosod
OS=Windows_NT
PROCESSOR_IDENTIFIER=Intel64 Family 6 Model 69 Stepping 1, GenuineIntel



---------------  S Y S T E M  ---------------

OS: Windows 7 , 64 bit Build 7601 (6.1.7601.23455)

CPU:total 4 (2 cores per cpu, 2 threads per core) family 6 model 69 stepping 1, cmov, cx8, fxsr, mmx, sse, sse2, sse3, ssse3, sse4.1, sse4.2, popcnt, avx, avx2, aes, clmul, erms, lzcnt, ht, tsc, tscinvbit, bmi1, bmi2

Memory: 4k page, physical 8069036k(352240k free), swap 10139580k(26744k free)

vm_info: Java HotSpot(TM) 64-Bit Server VM (25.60-b23) for windows-amd64 JRE (1.8.0_60-b27), built on Aug  4 2015 11:06:27 by "java_re" with MS VC++ 10.0 (VS2010)

time: Tue Jul 26 07:53:35 2016
elapsed time: 11 seconds (0d 0h 0m 11s)

