#
# There is insufficient memory for the Java Runtime Environment to continue.
# Native memory allocation (malloc) failed to allocate 1050896 bytes for Chunk::new
# Possible reasons:
#   The system is out of physical RAM or swap space
#   In 32 bit mode, the process size limit was hit
# Possible solutions:
#   Reduce memory load on the system
#   Increase physical memory or swap space
#   Check if swap backing store is full
#   Use 64 bit Java on a 64 bit OS
#   Decrease Java heap size (-Xmx/-Xms)
#   Decrease number of Java threads
#   Decrease Java thread stack sizes (-Xss)
#   Set larger code cache with -XX:ReservedCodeCacheSize=
# This output file may be truncated or incomplete.
#
#  Out of Memory Error (allocation.cpp:390), pid=6688, tid=9896
#
# JRE version: Java(TM) SE Runtime Environment (8.0_60-b27) (build 1.8.0_60-b27)
# Java VM: Java HotSpot(TM) 64-Bit Server VM (25.60-b23 mixed mode windows-amd64 compressed oops)
# Failed to write core dump. Minidumps are not enabled by default on client versions of Windows
#

---------------  T H R E A D  ---------------

Current thread (0x00000000563f6800):  JavaThread "C2 CompilerThread1" daemon [_thread_in_native, id=9896, stack(0x0000000056ea0000,0x0000000056fa0000)]

Stack: [0x0000000056ea0000,0x0000000056fa0000]
[error occurred during error reporting (printing stack bounds), id 0xc0000005]

Native frames: (J=compiled Java code, j=interpreted, Vv=VM code, C=native code)


Current CompileTask:
C2:  10162 1738   !   4       com.android.dx.cf.code.Ropper::processBlock (1101 bytes)


---------------  P R O C E S S  ---------------

Java Threads: ( => current thread )
  0x00000000566d4000 JavaThread "pool-2-thread-4" [_thread_blocked, id=8556, stack(0x00000000580d0000,0x00000000581d0000)]
  0x00000000571e0800 JavaThread "pool-2-thread-3" [_thread_blocked, id=4324, stack(0x0000000057f90000,0x0000000058090000)]
  0x00000000571d3000 JavaThread "pool-2-thread-2" [_thread_blocked, id=6752, stack(0x0000000057e50000,0x0000000057f50000)]
  0x00000000566a7000 JavaThread "pool-3-thread-1" [_thread_blocked, id=8188, stack(0x0000000057d40000,0x0000000057e40000)]
  0x00000000566ab800 JavaThread "pool-2-thread-1" [_thread_blocked, id=9344, stack(0x0000000057a80000,0x0000000057b80000)]
  0x0000000056464000 JavaThread "Service Thread" daemon [_thread_blocked, id=10052, stack(0x00000000570d0000,0x00000000571d0000)]
  0x00000000563f8800 JavaThread "C1 CompilerThread2" daemon [_thread_blocked, id=9640, stack(0x0000000056d10000,0x0000000056e10000)]
=>0x00000000563f6800 JavaThread "C2 CompilerThread1" daemon [_thread_in_native, id=9896, stack(0x0000000056ea0000,0x0000000056fa0000)]
  0x00000000563f4800 JavaThread "C2 CompilerThread0" daemon [_thread_in_native, id=8316, stack(0x00000000568c0000,0x00000000569c0000)]
  0x0000000055083000 JavaThread "Attach Listener" daemon [_thread_blocked, id=4416, stack(0x0000000056bd0000,0x0000000056cd0000)]
  0x0000000055081800 JavaThread "Signal Dispatcher" daemon [_thread_blocked, id=852, stack(0x00000000569d0000,0x0000000056ad0000)]
  0x0000000055027800 JavaThread "Finalizer" daemon [_thread_blocked, id=11120, stack(0x0000000056000000,0x0000000056100000)]
  0x0000000055020800 JavaThread "Reference Handler" daemon [_thread_blocked, id=9956, stack(0x00000000562f0000,0x00000000563f0000)]
  0x00000000001de800 JavaThread "main" [_thread_in_Java, id=7620, stack(0x0000000002410000,0x0000000002510000)]

Other Threads:
  0x000000005501b000 VMThread [stack: 0x0000000056100000,0x0000000056200000] [id=8636]
  0x000000005646c800 WatcherThread [stack: 0x0000000056fa0000,0x00000000570a0000] [id=3268]

VM state:not at safepoint (normal execution)

VM Mutex/Monitor currently owned by a thread: None

Heap:
 PSYoungGen      total 68608K, used 60719K [0x00000000eab00000, 0x00000000ef300000, 0x0000000100000000)
  eden space 63488K, 87% used [0x00000000eab00000,0x00000000ee152f78,0x00000000ee900000)
  from space 5120K, 99% used [0x00000000eee00000,0x00000000ef2f8c90,0x00000000ef300000)
  to   space 5120K, 0% used [0x00000000ee900000,0x00000000ee900000,0x00000000eee00000)
 ParOldGen       total 84992K, used 1943K [0x00000000c0000000, 0x00000000c5300000, 0x00000000eab00000)
  object space 84992K, 2% used [0x00000000c0000000,0x00000000c01e5e78,0x00000000c5300000)
 Metaspace       used 6220K, capacity 7088K, committed 7296K, reserved 1056768K
  class space    used 602K, capacity 616K, committed 640K, reserved 1048576K

Card table byte_map: [0x0000000011ba0000,0x0000000011db0000] byte_map_base: 0x00000000115a0000

Marking Bits: (ParMarkBitMap*) 0x000000006fd3a5b0
 Begin Bits: [0x0000000012490000, 0x0000000013490000)
 End Bits:   [0x0000000013490000, 0x0000000014490000)

Polling page: 0x0000000000160000

CodeCache: size=245760Kb used=7591Kb max_used=7602Kb free=238168Kb
 bounds [0x00000000027e0000, 0x0000000002f60000, 0x00000000117e0000]
 total_blobs=1986 nmethods=1717 adapters=182
 compilation: enabled

Compilation events (10 events):
Event: 8.569 Thread 0x00000000563f4800 1752       4       com.android.dx.ssa.SsaBasicBlock::scheduleMovesFromPhis (108 bytes)
Event: 8.570 Thread 0x00000000563f4800 nmethod 1752 0x0000000002f39cd0 code [0x0000000002f39e00, 0x0000000002f39e98]
Event: 8.570 Thread 0x00000000563f4800 1745       4       com.android.dx.ssa.InterferenceRegisterMapper::interferes (78 bytes)
Event: 8.573 Thread 0x00000000563f4800 nmethod 1745 0x0000000002f37810 code [0x0000000002f37960, 0x0000000002f37b48]
Event: 8.573 Thread 0x00000000563f4800 1736       4       com.android.dx.ssa.back.FirstFitLocalCombiningAllocator::getParameterIndexForReg (55 bytes)
Event: 8.575 Thread 0x00000000563f4800 nmethod 1736 0x0000000002f16490 code [0x0000000002f16600, 0x0000000002f16748]
Event: 8.575 Thread 0x00000000563f4800 1734       4       com.android.dx.rop.code.BasicBlockList$RegCountVisitor::visitThrowingCstInsn (6 bytes)
Event: 8.580 Thread 0x00000000563f4800 nmethod 1734 0x0000000002f36fd0 code [0x0000000002f37120, 0x0000000002f37398]
Event: 9.164 Thread 0x00000000563f8800 1753       3       com.android.dx.rop.annotation.NameValuePair::<init> (43 bytes)
Event: 9.164 Thread 0x00000000563f4800 1755       4       com.android.dx.rop.cst.CstFieldRef::compareTo0 (43 bytes)

GC Heap History (4 events):
Event: 2.609 GC heap before
{Heap before GC invocations=1 (full 0):
 PSYoungGen      total 36864K, used 31744K [0x00000000eab00000, 0x00000000ed400000, 0x0000000100000000)
  eden space 31744K, 100% used [0x00000000eab00000,0x00000000eca00000,0x00000000eca00000)
  from space 5120K, 0% used [0x00000000ecf00000,0x00000000ecf00000,0x00000000ed400000)
  to   space 5120K, 0% used [0x00000000eca00000,0x00000000eca00000,0x00000000ecf00000)
 ParOldGen       total 84992K, used 0K [0x00000000c0000000, 0x00000000c5300000, 0x00000000eab00000)
  object space 84992K, 0% used [0x00000000c0000000,0x00000000c0000000,0x00000000c5300000)
 Metaspace       used 5774K, capacity 6704K, committed 6784K, reserved 1056768K
  class space    used 600K, capacity 616K, committed 640K, reserved 1048576K
Event: 3.016 GC heap after
Heap after GC invocations=1 (full 0):
 PSYoungGen      total 36864K, used 4197K [0x00000000eab00000, 0x00000000ef300000, 0x0000000100000000)
  eden space 31744K, 0% used [0x00000000eab00000,0x00000000eab00000,0x00000000eca00000)
  from space 5120K, 81% used [0x00000000eca00000,0x00000000ece19590,0x00000000ecf00000)
  to   space 5120K, 0% used [0x00000000eee00000,0x00000000eee00000,0x00000000ef300000)
 ParOldGen       total 84992K, used 8K [0x00000000c0000000, 0x00000000c5300000, 0x00000000eab00000)
  object space 84992K, 0% used [0x00000000c0000000,0x00000000c0002000,0x00000000c5300000)
 Metaspace       used 5774K, capacity 6704K, committed 6784K, reserved 1056768K
  class space    used 600K, capacity 616K, committed 640K, reserved 1048576K
}
Event: 5.134 GC heap before
{Heap before GC invocations=2 (full 0):
 PSYoungGen      total 36864K, used 35941K [0x00000000eab00000, 0x00000000ef300000, 0x0000000100000000)
  eden space 31744K, 100% used [0x00000000eab00000,0x00000000eca00000,0x00000000eca00000)
  from space 5120K, 81% used [0x00000000eca00000,0x00000000ece19590,0x00000000ecf00000)
  to   space 5120K, 0% used [0x00000000eee00000,0x00000000eee00000,0x00000000ef300000)
 ParOldGen       total 84992K, used 8K [0x00000000c0000000, 0x00000000c5300000, 0x00000000eab00000)
  object space 84992K, 0% used [0x00000000c0000000,0x00000000c0002000,0x00000000c5300000)
 Metaspace       used 6090K, capacity 7024K, committed 7296K, reserved 1056768K
  class space    used 602K, capacity 616K, committed 640K, reserved 1048576K
Event: 5.278 GC heap after
Heap after GC invocations=2 (full 0):
 PSYoungGen      total 68608K, used 5091K [0x00000000eab00000, 0x00000000ef300000, 0x0000000100000000)
  eden space 63488K, 0% used [0x00000000eab00000,0x00000000eab00000,0x00000000ee900000)
  from space 5120K, 99% used [0x00000000eee00000,0x00000000ef2f8c90,0x00000000ef300000)
  to   space 5120K, 0% used [0x00000000ee900000,0x00000000ee900000,0x00000000eee00000)
 ParOldGen       total 84992K, used 1943K [0x00000000c0000000, 0x00000000c5300000, 0x00000000eab00000)
  object space 84992K, 2% used [0x00000000c0000000,0x00000000c01e5e78,0x00000000c5300000)
 Metaspace       used 6090K, capacity 7024K, committed 7296K, reserved 1056768K
  class space    used 602K, capacity 616K, committed 640K, reserved 1048576K
}

Deoptimization events (10 events):
Event: 7.214 Thread 0x00000000566ab800 Uncommon trap: reason=unstable_if action=reinterpret pc=0x0000000002de95cc method=com.android.dx.rop.code.RegisterSpecSet.put(Lcom/android/dx/rop/code/RegisterSpec;)V @ 77
Event: 7.216 Thread 0x00000000566ab800 Uncommon trap: reason=unstable_if action=reinterpret pc=0x0000000002ec6a6c method=com.android.dx.rop.code.RegisterSpecSet.put(Lcom/android/dx/rop/code/RegisterSpec;)V @ 77
Event: 8.479 Thread 0x00000000566d4000 Uncommon trap: reason=bimorphic action=maybe_recompile pc=0x0000000002a7dd54 method=java.util.HashMap.getNode(ILjava/lang/Object;)Ljava/util/HashMap$Node; @ 126
Event: 8.479 Thread 0x00000000566d4000 Uncommon trap: reason=class_check action=maybe_recompile pc=0x0000000002bd4328 method=java.util.HashMap.putVal(ILjava/lang/Object;Ljava/lang/Object;ZZ)Ljava/lang/Object; @ 203
Event: 8.479 Thread 0x00000000566d4000 Uncommon trap: reason=bimorphic action=maybe_recompile pc=0x0000000002a7dd54 method=java.util.HashMap.getNode(ILjava/lang/Object;)Ljava/util/HashMap$Node; @ 126
Event: 8.479 Thread 0x00000000566d4000 Uncommon trap: reason=class_check action=maybe_recompile pc=0x0000000002bd4328 method=java.util.HashMap.putVal(ILjava/lang/Object;Ljava/lang/Object;ZZ)Ljava/lang/Object; @ 203
Event: 8.479 Thread 0x00000000566d4000 Uncommon trap: reason=bimorphic action=maybe_recompile pc=0x0000000002e7cb98 method=java.util.HashMap.getNode(ILjava/lang/Object;)Ljava/util/HashMap$Node; @ 126
Event: 8.479 Thread 0x00000000566d4000 Uncommon trap: reason=bimorphic action=maybe_recompile pc=0x0000000002e7cb98 method=java.util.HashMap.getNode(ILjava/lang/Object;)Ljava/util/HashMap$Node; @ 126
Event: 8.479 Thread 0x00000000566d4000 Uncommon trap: reason=class_check action=maybe_recompile pc=0x0000000002bd60f4 method=java.util.HashMap.putVal(ILjava/lang/Object;Ljava/lang/Object;ZZ)Ljava/lang/Object; @ 203
Event: 8.479 Thread 0x00000000566d4000 Uncommon trap: reason=bimorphic action=maybe_recompile pc=0x0000000002a7dd54 method=java.util.HashMap.getNode(ILjava/lang/Object;)Ljava/util/HashMap$Node; @ 126

Internal exceptions (3 events):
Event: 0.551 Thread 0x00000000001de800 Exception <a 'java/lang/NoSuchMethodError': Method sun.misc.Unsafe.defineClass(Ljava/lang/String;[BII)Ljava/lang/Class; name or signature does not match> (0x00000000eab0d838) thrown at [C:\re\workspace\8-2-build-windows-amd64-cygwin\jdk8u60\4407\hotspot\sr®Ïî¢á?
Event: 0.551 Thread 0x00000000001de800 Exception <a 'java/lang/NoSuchMethodError': Method sun.misc.Unsafe.prefetchRead(Ljava/lang/Object;J)V name or signature does not match> (0x00000000eab0db20) thrown at [C:\re\workspace\8-2-build-windows-amd64-cygwin\jdk8u60\4407\hotspot\src\share\vm\prims\jbìŸ†!=@
Event: 4.310 Thread 0x00000000571e0800 Implicit null exception at 0x0000000002c536d2 to 0x0000000002c537d9

Events (10 events):
Event: 8.479 Thread 0x00000000566d4000 DEOPT UNPACKING pc=0x000000000282582a sp=0x00000000581ce398 mode 2
Event: 8.479 Thread 0x00000000566d4000 Uncommon trap: trap_request=0xffffffc6 fr.pc=0x0000000002e7cb98
Event: 8.479 Thread 0x00000000566d4000 DEOPT PACKING pc=0x0000000002e7cb98 sp=0x00000000581ce460
Event: 8.479 Thread 0x00000000566d4000 DEOPT UNPACKING pc=0x000000000282582a sp=0x00000000581ce398 mode 2
Event: 8.479 Thread 0x00000000566d4000 Uncommon trap: trap_request=0xffffffde fr.pc=0x0000000002bd60f4
Event: 8.479 Thread 0x00000000566d4000 DEOPT PACKING pc=0x0000000002bd60f4 sp=0x00000000581ce8d0
Event: 8.479 Thread 0x00000000566d4000 DEOPT UNPACKING pc=0x000000000282582a sp=0x00000000581ce808 mode 2
Event: 8.479 Thread 0x00000000566d4000 Uncommon trap: trap_request=0xffffffc6 fr.pc=0x0000000002a7dd54
Event: 8.479 Thread 0x00000000566d4000 DEOPT PACKING pc=0x0000000002a7dd54 sp=0x00000000581ce750
Event: 8.479 Thread 0x00000000566d4000 DEOPT UNPACKING pc=0x000000000282582a sp=0x00000000581ce6e8 mode 2


Dynamic libraries:
0x000000013f220000 - 0x000000013f257000 	C:\Program Files\Java\jdk1.8.0_60\bin\java.exe
0x00000000777b0000 - 0x000000007795b000 	C:\windows\SYSTEM32\ntdll.dll
0x0000000077590000 - 0x00000000776af000 	C:\windows\system32\kernel32.dll
0x000007fefd840000 - 0x000007fefd8aa000 	C:\windows\system32\KERNELBASE.dll
0x00000000753f0000 - 0x0000000075479000 	C:\windows\System32\SYSFER.DLL
0x000007feff9e0000 - 0x000007feffabb000 	C:\windows\system32\ADVAPI32.dll
0x000007fefdb10000 - 0x000007fefdbaf000 	C:\windows\system32\msvcrt.dll
0x000007fefdef0000 - 0x000007fefdf0f000 	C:\windows\SYSTEM32\sechost.dll
0x000007fefdc10000 - 0x000007fefdd3d000 	C:\windows\system32\RPCRT4.dll
0x00000000776b0000 - 0x00000000777aa000 	C:\windows\system32\USER32.dll
0x000007feff6f0000 - 0x000007feff757000 	C:\windows\system32\GDI32.dll
0x000007fefe060000 - 0x000007fefe06e000 	C:\windows\system32\LPK.dll
0x000007feff910000 - 0x000007feff9da000 	C:\windows\system32\USP10.dll
0x000007fefc140000 - 0x000007fefc334000 	C:\windows\WinSxS\amd64_microsoft.windows.common-controls_6595b64144ccf1df_6.0.7601.18837_none_fa3b1e3d17594757\COMCTL32.dll
0x000007fefdf10000 - 0x000007fefdf81000 	C:\windows\system32\SHLWAPI.dll
0x000007fefe030000 - 0x000007fefe05e000 	C:\windows\system32\IMM32.DLL
0x000007fefe070000 - 0x000007fefe179000 	C:\windows\system32\MSCTF.dll
0x0000000063280000 - 0x0000000063352000 	C:\Program Files\Java\jdk1.8.0_60\jre\bin\msvcr100.dll
0x000000006f530000 - 0x000000006fdb9000 	C:\Program Files\Java\jdk1.8.0_60\jre\bin\server\jvm.dll
0x000007fef8990000 - 0x000007fef8999000 	C:\windows\system32\WSOCK32.dll
0x000007fefdac0000 - 0x000007fefdb0d000 	C:\windows\system32\WS2_32.dll
0x000007fefe180000 - 0x000007fefe188000 	C:\windows\system32\NSI.dll
0x000007fefb300000 - 0x000007fefb33b000 	C:\windows\system32\WINMM.dll
0x000007fefc7d0000 - 0x000007fefc7dc000 	C:\windows\system32\VERSION.dll
0x0000000077980000 - 0x0000000077987000 	C:\windows\system32\PSAPI.DLL
0x00000000724b0000 - 0x00000000724bf000 	C:\Program Files\Java\jdk1.8.0_60\jre\bin\verify.dll
0x0000000072480000 - 0x00000000724a9000 	C:\Program Files\Java\jdk1.8.0_60\jre\bin\java.dll
0x0000000072460000 - 0x0000000072476000 	C:\Program Files\Java\jdk1.8.0_60\jre\bin\zip.dll
0x000007fefe3f0000 - 0x000007feff17c000 	C:\windows\system32\SHELL32.dll
0x000007feff4e0000 - 0x000007feff6e3000 	C:\windows\system32\ole32.dll
0x000007fefd6b0000 - 0x000007fefd6bf000 	C:\windows\system32\profapi.dll

VM Arguments:
jvm_args: -Djava.awt.headless=true -Xmx1024M -Dfile.encoding=windows-1252 -Duser.country=US -Duser.language=en -Duser.variant 
java_command: com.android.dx.command.Main --dex --force-jumbo --num-threads=4 --multi-dex --output C:\Users\cardosod\Downloads\FirebaseExample\app\build\intermediates\transforms\dex\debug\folders\1000\10\com.android.support-support-v4-24.1.0_54307ec1a58f5a14df6a55533a22a69b57ab34c9 C:\Users\cardosod\Downloads\FirebaseExample\app\build\intermediates\exploded-aar\com.android.support\support-v4\24.1.0\jars\classes.jar
java_class_path (initial): C:\Users\cardosod\AppData\Local\Android\sdk1\build-tools\23.0.2\lib\dx.jar
Launcher Type: SUN_STANDARD

Environment Variables:
PATH=C:\windows\CCM\;C:\ProgramData\Oracle\Java\javapath;C:\Program Files (x86)\RSA SecurID Token Common;C:\windows\system32;C:\windows;C:\windows\System32\Wbem;C:\windows\System32\WindowsPowerShell\v1.0\;C:\Users\cardosod\Desktop\Eldorado\Fastboot;C:\Users\cardosod\Desktop\Eldorado\Scripts;C:\Program Files (x86)\Android\android-sdk\platform-tools;C:\Users\cardosod\Desktop\backup-new\X2_SubLock\modem_scripts_py27;C:\Python_3.5;C:\Python_3.5\Scripts;C:\Python_3.5\Lib\site-packages\django\bin;C:\Program Files\TortoiseSVN\bin;C:\Program Files\Java\jre7\bin;C:\Program Files (x86)\Skype\Phone\;C:\Program Files\CPV\ODM;C:\Users\cardosod\AppData\Local\Google\Chrome\Application;C:\ProgramData\Oracle\Java\javapath;C:\windows\system32;C:\windows;C:\windows\System32\Wbem;C:\windows\System32\WindowsPowerShell\v1.0\;C:\Users\cardosod\Desktop\Eldorado\Fastboot;C:\Users\cardosod\Desktop\Eldorado\Scripts;C:\Program Files (x86)\Android\android-sdk\platform-tools;C:\Users\cardosod\Desktop\backup-new\X2_SubLock\modem_scripts_py27;C:\Python27;C:\Program Files\CPV\ODM;C:\Users\cardosod\AppData\Local\Programs\Git\cmd
USERNAME=cardosod
OS=Windows_NT
PROCESSOR_IDENTIFIER=Intel64 Family 6 Model 69 Stepping 1, GenuineIntel



---------------  S Y S T E M  ---------------

OS: Windows 7 , 64 bit Build 7601 (6.1.7601.23455)

CPU:total 4 (2 cores per cpu, 2 threads per core) family 6 model 69 stepping 1, cmov, cx8, fxsr, mmx, sse, sse2, sse3, ssse3, sse4.1, sse4.2, popcnt, avx, avx2, aes, clmul, erms, lzcnt, ht, tsc, tscinvbit, bmi1, bmi2

Memory: 4k page, physical 8069036k(259140k free), swap 10123196k(231828k free)

vm_info: Java HotSpot(TM) 64-Bit Server VM (25.60-b23) for windows-amd64 JRE (1.8.0_60-b27), built on Aug  4 2015 11:06:27 by "java_re" with MS VC++ 10.0 (VS2010)

time: Tue Jul 26 07:53:22 2016
elapsed time: 10 seconds (0d 0h 0m 10s)

