#
# There is insufficient memory for the Java Runtime Environment to continue.
# Native memory allocation (malloc) failed to allocate 955856 bytes for Chunk::new
# Possible reasons:
#   The system is out of physical RAM or swap space
#   In 32 bit mode, the process size limit was hit
# Possible solutions:
#   Reduce memory load on the system
#   Increase physical memory or swap space
#   Check if swap backing store is full
#   Use 64 bit Java on a 64 bit OS
#   Decrease Java heap size (-Xmx/-Xms)
#   Decrease number of Java threads
#   Decrease Java thread stack sizes (-Xss)
#   Set larger code cache with -XX:ReservedCodeCacheSize=
# This output file may be truncated or incomplete.
#
#  Out of Memory Error (allocation.cpp:390), pid=1952, tid=828
#
# JRE version: Java(TM) SE Runtime Environment (8.0_60-b27) (build 1.8.0_60-b27)
# Java VM: Java HotSpot(TM) 64-Bit Server VM (25.60-b23 mixed mode windows-amd64 compressed oops)
# Failed to write core dump. Minidumps are not enabled by default on client versions of Windows
#

---------------  T H R E A D  ---------------

Current thread (0x0000000056196000):  JavaThread "C2 CompilerThread1" daemon [_thread_in_native, id=828, stack(0x0000000056bd0000,0x0000000056cd0000)]

Stack: [0x0000000056bd0000,0x0000000056cd0000]
[error occurred during error reporting (printing stack bounds), id 0xc0000005]

Native frames: (J=compiled Java code, j=interpreted, Vv=VM code, C=native code)


Current CompileTask:
C2:  16465 2116   !   4       com.android.dx.cf.code.Ropper::doit (126 bytes)


---------------  P R O C E S S  ---------------

Java Threads: ( => current thread )
  0x000000005645d000 JavaThread "pool-2-thread-4" [_thread_blocked, id=11292, stack(0x0000000057f10000,0x0000000058010000)]
  0x0000000056439800 JavaThread "pool-2-thread-3" [_thread_blocked, id=11876, stack(0x0000000057a00000,0x0000000057b00000)]
  0x0000000056438800 JavaThread "pool-2-thread-2" [_thread_blocked, id=8172, stack(0x0000000057cf0000,0x0000000057df0000)]
  0x00000000564a0000 JavaThread "pool-3-thread-1" [_thread_blocked, id=9256, stack(0x0000000057b30000,0x0000000057c30000)]
  0x000000005653f800 JavaThread "pool-2-thread-1" [_thread_blocked, id=6080, stack(0x0000000057900000,0x0000000057a00000)]
  0x0000000056216800 JavaThread "Service Thread" daemon [_thread_blocked, id=10428, stack(0x0000000056da0000,0x0000000056ea0000)]
  0x000000005619b000 JavaThread "C1 CompilerThread2" daemon [_thread_blocked, id=11008, stack(0x0000000056770000,0x0000000056870000)]
=>0x0000000056196000 JavaThread "C2 CompilerThread1" daemon [_thread_in_native, id=828, stack(0x0000000056bd0000,0x0000000056cd0000)]
  0x0000000056194800 JavaThread "C2 CompilerThread0" daemon [_thread_in_native, id=11924, stack(0x0000000056a90000,0x0000000056b90000)]
  0x0000000054e56000 JavaThread "Attach Listener" daemon [_thread_blocked, id=11408, stack(0x00000000568a0000,0x00000000569a0000)]
  0x0000000054e54800 JavaThread "Signal Dispatcher" daemon [_thread_blocked, id=6228, stack(0x0000000056610000,0x0000000056710000)]
  0x0000000054dfa800 JavaThread "Finalizer" daemon [_thread_blocked, id=11744, stack(0x0000000056090000,0x0000000056190000)]
  0x0000000054df4000 JavaThread "Reference Handler" daemon [_thread_blocked, id=5492, stack(0x0000000055f70000,0x0000000056070000)]
  0x0000000001fae800 JavaThread "main" [_thread_blocked, id=8460, stack(0x0000000002220000,0x0000000002320000)]

Other Threads:
  0x0000000054dee800 VMThread [stack: 0x0000000055d50000,0x0000000055e50000] [id=8644]
  0x000000005621e000 WatcherThread [stack: 0x0000000056f80000,0x0000000057080000] [id=8384]

VM state:not at safepoint (normal execution)

VM Mutex/Monitor currently owned by a thread: None

Heap:
 PSYoungGen      total 132096K, used 29063K [0x00000000eab00000, 0x00000000f3100000, 0x0000000100000000)
  eden space 126976K, 18% used [0x00000000eab00000,0x00000000ec265920,0x00000000f2700000)
  from space 5120K, 99% used [0x00000000f2c00000,0x00000000f30fc370,0x00000000f3100000)
  to   space 5120K, 0% used [0x00000000f2700000,0x00000000f2700000,0x00000000f2c00000)
 ParOldGen       total 84992K, used 21928K [0x00000000c0000000, 0x00000000c5300000, 0x00000000eab00000)
  object space 84992K, 25% used [0x00000000c0000000,0x00000000c156a2e8,0x00000000c5300000)
 Metaspace       used 6392K, capacity 7216K, committed 7296K, reserved 1056768K
  class space    used 603K, capacity 616K, committed 640K, reserved 1048576K

Card table byte_map: [0x00000000119b0000,0x0000000011bc0000] byte_map_base: 0x00000000113b0000

Marking Bits: (ParMarkBitMap*) 0x000000006fd3a5b0
 Begin Bits: [0x0000000012260000, 0x0000000013260000)
 End Bits:   [0x0000000013260000, 0x0000000014260000)

Polling page: 0x0000000001c90000

CodeCache: size=245760Kb used=9855Kb max_used=9868Kb free=235904Kb
 bounds [0x00000000025f0000, 0x0000000002fa0000, 0x00000000115f0000]
 total_blobs=2338 nmethods=2068 adapters=182
 compilation: enabled

Compilation events (10 events):
Event: 16.324 Thread 0x0000000056194800 nmethod 2117 0x0000000002f96550 code [0x0000000002f968a0, 0x0000000002f98b18]
Event: 16.325 Thread 0x0000000056194800 2118 %     4       com.android.dx.ssa.back.LivenessAnalyzer::coInterferePhis @ 8 (128 bytes)
Event: 16.390 Thread 0x0000000056194800 nmethod 2118% 0x0000000002f5d590 code [0x0000000002f5d7a0, 0x0000000002f5ed58]
Event: 16.391 Thread 0x0000000056194800 2119       4       com.android.dx.dex.code.RopTranslator$TranslationVisitor::getNextMoveResultPseudo (55 bytes)
Event: 16.394 Thread 0x0000000056194800 nmethod 2119 0x0000000002f51710 code [0x0000000002f51880, 0x0000000002f51ad8]
Event: 16.401 Thread 0x0000000056194800 2120       4       com.android.dx.ssa.back.InterferenceGraph::<init> (42 bytes)
Event: 16.417 Thread 0x0000000056194800 nmethod 2120 0x0000000002f6cb50 code [0x0000000002f6ccc0, 0x0000000002f6d418]
Event: 16.417 Thread 0x0000000056194800 2122       4       com.android.dx.ssa.back.FirstFitLocalCombiningAllocator::handleUnassociatedParameters (60 bytes)
Event: 16.429 Thread 0x0000000056194800 nmethod 2122 0x0000000002f5c450 code [0x0000000002f5c600, 0x0000000002f5cd48]
Event: 16.429 Thread 0x0000000056194800 2121       4       com.android.dx.ssa.back.LivenessAnalyzer::constructInterferenceGraph (47 bytes)

GC Heap History (8 events):
Event: 1.918 GC heap before
{Heap before GC invocations=1 (full 0):
 PSYoungGen      total 36864K, used 31744K [0x00000000eab00000, 0x00000000ed400000, 0x0000000100000000)
  eden space 31744K, 100% used [0x00000000eab00000,0x00000000eca00000,0x00000000eca00000)
  from space 5120K, 0% used [0x00000000ecf00000,0x00000000ecf00000,0x00000000ed400000)
  to   space 5120K, 0% used [0x00000000eca00000,0x00000000eca00000,0x00000000ecf00000)
 ParOldGen       total 84992K, used 0K [0x00000000c0000000, 0x00000000c5300000, 0x00000000eab00000)
  object space 84992K, 0% used [0x00000000c0000000,0x00000000c0000000,0x00000000c5300000)
 Metaspace       used 5867K, capacity 6768K, committed 7040K, reserved 1056768K
  class space    used 600K, capacity 616K, committed 640K, reserved 1048576K
Event: 2.396 GC heap after
Heap after GC invocations=1 (full 0):
 PSYoungGen      total 36864K, used 4308K [0x00000000eab00000, 0x00000000ef300000, 0x0000000100000000)
  eden space 31744K, 0% used [0x00000000eab00000,0x00000000eab00000,0x00000000eca00000)
  from space 5120K, 84% used [0x00000000eca00000,0x00000000ece351a8,0x00000000ecf00000)
  to   space 5120K, 0% used [0x00000000eee00000,0x00000000eee00000,0x00000000ef300000)
 ParOldGen       total 84992K, used 0K [0x00000000c0000000, 0x00000000c5300000, 0x00000000eab00000)
  object space 84992K, 0% used [0x00000000c0000000,0x00000000c0000000,0x00000000c5300000)
 Metaspace       used 5867K, capacity 6768K, committed 7040K, reserved 1056768K
  class space    used 600K, capacity 616K, committed 640K, reserved 1048576K
}
Event: 4.679 GC heap before
{Heap before GC invocations=2 (full 0):
 PSYoungGen      total 36864K, used 36052K [0x00000000eab00000, 0x00000000ef300000, 0x0000000100000000)
  eden space 31744K, 100% used [0x00000000eab00000,0x00000000eca00000,0x00000000eca00000)
  from space 5120K, 84% used [0x00000000eca00000,0x00000000ece351a8,0x00000000ecf00000)
  to   space 5120K, 0% used [0x00000000eee00000,0x00000000eee00000,0x00000000ef300000)
 ParOldGen       total 84992K, used 0K [0x00000000c0000000, 0x00000000c5300000, 0x00000000eab00000)
  object space 84992K, 0% used [0x00000000c0000000,0x00000000c0000000,0x00000000c5300000)
 Metaspace       used 6115K, capacity 7024K, committed 7296K, reserved 1056768K
  class space    used 602K, capacity 616K, committed 640K, reserved 1048576K
Event: 4.918 GC heap after
Heap after GC invocations=2 (full 0):
 PSYoungGen      total 68608K, used 5091K [0x00000000eab00000, 0x00000000ef300000, 0x0000000100000000)
  eden space 63488K, 0% used [0x00000000eab00000,0x00000000eab00000,0x00000000ee900000)
  from space 5120K, 99% used [0x00000000eee00000,0x00000000ef2f8c58,0x00000000ef300000)
  to   space 5120K, 0% used [0x00000000ee900000,0x00000000ee900000,0x00000000eee00000)
 ParOldGen       total 84992K, used 2063K [0x00000000c0000000, 0x00000000c5300000, 0x00000000eab00000)
  object space 84992K, 2% used [0x00000000c0000000,0x00000000c0203ef0,0x00000000c5300000)
 Metaspace       used 6115K, capacity 7024K, committed 7296K, reserved 1056768K
  class space    used 602K, capacity 616K, committed 640K, reserved 1048576K
}
Event: 12.375 GC heap before
{Heap before GC invocations=3 (full 0):
 PSYoungGen      total 68608K, used 68579K [0x00000000eab00000, 0x00000000ef300000, 0x0000000100000000)
  eden space 63488K, 100% used [0x00000000eab00000,0x00000000ee900000,0x00000000ee900000)
  from space 5120K, 99% used [0x00000000eee00000,0x00000000ef2f8c58,0x00000000ef300000)
  to   space 5120K, 0% used [0x00000000ee900000,0x00000000ee900000,0x00000000eee00000)
 ParOldGen       total 84992K, used 2063K [0x00000000c0000000, 0x00000000c5300000, 0x00000000eab00000)
  object space 84992K, 2% used [0x00000000c0000000,0x00000000c0203ef0,0x00000000c5300000)
 Metaspace       used 6222K, capacity 7088K, committed 7296K, reserved 1056768K
  class space    used 603K, capacity 616K, committed 640K, reserved 1048576K
Event: 12.659 GC heap after
Heap after GC invocations=3 (full 0):
 PSYoungGen      total 68608K, used 5110K [0x00000000eab00000, 0x00000000f3100000, 0x0000000100000000)
  eden space 63488K, 0% used [0x00000000eab00000,0x00000000eab00000,0x00000000ee900000)
  from space 5120K, 99% used [0x00000000ee900000,0x00000000eedfdb38,0x00000000eee00000)
  to   space 5120K, 0% used [0x00000000f2c00000,0x00000000f2c00000,0x00000000f3100000)
 ParOldGen       total 84992K, used 11586K [0x00000000c0000000, 0x00000000c5300000, 0x00000000eab00000)
  object space 84992K, 13% used [0x00000000c0000000,0x00000000c0b50bb0,0x00000000c5300000)
 Metaspace       used 6222K, capacity 7088K, committed 7296K, reserved 1056768K
  class space    used 603K, capacity 616K, committed 640K, reserved 1048576K
}
Event: 13.275 GC heap before
{Heap before GC invocations=4 (full 0):
 PSYoungGen      total 68608K, used 68598K [0x00000000eab00000, 0x00000000f3100000, 0x0000000100000000)
  eden space 63488K, 100% used [0x00000000eab00000,0x00000000ee900000,0x00000000ee900000)
  from space 5120K, 99% used [0x00000000ee900000,0x00000000eedfdb38,0x00000000eee00000)
  to   space 5120K, 0% used [0x00000000f2c00000,0x00000000f2c00000,0x00000000f3100000)
 ParOldGen       total 84992K, used 11586K [0x00000000c0000000, 0x00000000c5300000, 0x00000000eab00000)
  object space 84992K, 13% used [0x00000000c0000000,0x00000000c0b50bb0,0x00000000c5300000)
 Metaspace       used 6296K, capacity 7152K, committed 7296K, reserved 1056768K
  class space    used 603K, capacity 616K, committed 640K, reserved 1048576K
Event: 13.974 GC heap after
Heap after GC invocations=4 (full 0):
 PSYoungGen      total 132096K, used 5104K [0x00000000eab00000, 0x00000000f3100000, 0x0000000100000000)
  eden space 126976K, 0% used [0x00000000eab00000,0x00000000eab00000,0x00000000f2700000)
  from space 5120K, 99% used [0x00000000f2c00000,0x00000000f30fc370,0x00000000f3100000)
  to   space 5120K, 0% used [0x00000000f2700000,0x00000000f2700000,0x00000000f2c00000)
 ParOldGen       total 84992K, used 21928K [0x00000000c0000000, 0x00000000c5300000, 0x00000000eab00000)
  object space 84992K, 25% used [0x00000000c0000000,0x00000000c156a2e8,0x00000000c5300000)
 Metaspace       used 6296K, capacity 7152K, committed 7296K, reserved 1056768K
  class space    used 603K, capacity 616K, committed 640K, reserved 1048576K
}

Deoptimization events (10 events):
Event: 10.361 Thread 0x0000000056439800 Uncommon trap: reason=bimorphic action=maybe_recompile pc=0x0000000002973958 method=java.util.HashMap.getNode(ILjava/lang/Object;)Ljava/util/HashMap$Node; @ 126
Event: 11.588 Thread 0x0000000056439800 Uncommon trap: reason=unstable_if action=reinterpret pc=0x0000000002be13b4 method=com.android.dx.ssa.SCCP.simulateBranch(Lcom/android/dx/ssa/SsaInsn;)V @ 64
Event: 11.588 Thread 0x0000000056439800 Uncommon trap: reason=unstable_if action=reinterpret pc=0x0000000002c543fc method=com.android.dx.ssa.LiteralOpUpgrader$1.visitNonMoveInsn(Lcom/android/dx/ssa/NormalSsaInsn;)V @ 55
Event: 11.589 Thread 0x0000000056439800 Uncommon trap: reason=unstable_if action=reinterpret pc=0x0000000002a19f4c method=com.android.dx.ssa.SsaMethod.updateOneDefinition(Lcom/android/dx/ssa/SsaInsn;Lcom/android/dx/rop/code/RegisterSpec;)V @ 4
Event: 13.007 Thread 0x0000000001fae800 Uncommon trap: reason=unstable_if action=reinterpret pc=0x0000000002df1440 method=com.android.dx.cf.code.Simulator$SimVisitor.visitLocal(IIIILcom/android/dx/rop/type/Type;I)V @ 222
Event: 13.125 Thread 0x0000000001fae800 Uncommon trap: reason=bimorphic action=maybe_recompile pc=0x0000000002df75c8 method=com.android.dx.cf.code.BytecodeArray.parseInstruction(ILcom/android/dx/cf/code/BytecodeArray$Visitor;)I @ 1130
Event: 13.126 Thread 0x0000000001fae800 Uncommon trap: reason=bimorphic action=maybe_recompile pc=0x0000000002df75c8 method=com.android.dx.cf.code.BytecodeArray.parseInstruction(ILcom/android/dx/cf/code/BytecodeArray$Visitor;)I @ 1130
Event: 13.224 Thread 0x0000000001fae800 Uncommon trap: reason=unstable_if action=reinterpret pc=0x0000000002d95c7c method=com.android.dx.cf.code.Ropper.addOrReplaceBlock(Lcom/android/dx/rop/code/BasicBlock;Lcom/android/dx/util/IntList;)Z @ 24
Event: 13.264 Thread 0x000000005653f800 Uncommon trap: reason=unstable_if action=reinterpret pc=0x0000000002d99f48 method=com.android.dx.ssa.SCCP.simulateStmt(Lcom/android/dx/ssa/SsaInsn;)V @ 53
Event: 13.270 Thread 0x000000005653f800 Uncommon trap: reason=class_check action=maybe_recompile pc=0x0000000002a236f4 method=java.util.HashMap.putVal(ILjava/lang/Object;Ljava/lang/Object;ZZ)Ljava/lang/Object; @ 203

Internal exceptions (4 events):
Event: 0.078 Thread 0x0000000001fae800 Exception <a 'java/lang/NoSuchMethodError': Method sun.misc.Unsafe.defineClass(Ljava/lang/String;[BII)Ljava/lang/Class; name or signature does not match> (0x00000000eab0da40) thrown at [C:\re\workspace\8-2-build-windows-amd64-cygwin\jdk8u60\4407\hotspot\srCûÖs¥?
Event: 0.078 Thread 0x0000000001fae800 Exception <a 'java/lang/NoSuchMethodError': Method sun.misc.Unsafe.prefetchRead(Ljava/lang/Object;J)V name or signature does not match> (0x00000000eab0dd28) thrown at [C:\re\workspace\8-2-build-windows-amd64-cygwin\jdk8u60\4407\hotspot\src\share\vm\prims\j«·=†µ@
Event: 3.464 Thread 0x000000005653f800 Implicit null exception at 0x0000000002975452 to 0x0000000002975559
Event: 13.007 Thread 0x0000000001fae800 Implicit null exception at 0x0000000002defacb to 0x0000000002df1405

Events (10 events):
Event: 13.264 Thread 0x000000005653f800 Uncommon trap: trap_request=0xffffff65 fr.pc=0x0000000002d99f48
Event: 13.264 Thread 0x000000005653f800 DEOPT PACKING pc=0x0000000002d99f48 sp=0x00000000579fe2d0
Event: 13.264 Thread 0x000000005653f800 DEOPT UNPACKING pc=0x000000000263582a sp=0x00000000579fe2a8 mode 2
Event: 13.270 Thread 0x000000005653f800 Uncommon trap: trap_request=0xffffffde fr.pc=0x0000000002a236f4
Event: 13.270 Thread 0x000000005653f800 DEOPT PACKING pc=0x0000000002a236f4 sp=0x00000000579fe130
Event: 13.270 Thread 0x000000005653f800 DEOPT UNPACKING pc=0x000000000263582a sp=0x00000000579fe0b8 mode 2
Event: 13.275 Executing VM operation: ParallelGCFailedAllocation
Event: 13.974 Executing VM operation: ParallelGCFailedAllocation done
Event: 15.122 loading class com/android/dx/cf/iface/ParseObserver
Event: 15.122 loading class com/android/dx/cf/iface/ParseObserver done


Dynamic libraries:
0x000000013f220000 - 0x000000013f257000 	C:\Program Files\Java\jdk1.8.0_60\bin\java.exe
0x00000000777b0000 - 0x000000007795b000 	C:\windows\SYSTEM32\ntdll.dll
0x0000000077590000 - 0x00000000776af000 	C:\windows\system32\kernel32.dll
0x000007fefd840000 - 0x000007fefd8aa000 	C:\windows\system32\KERNELBASE.dll
0x00000000753f0000 - 0x0000000075479000 	C:\windows\System32\SYSFER.DLL
0x000007feff9e0000 - 0x000007feffabb000 	C:\windows\system32\ADVAPI32.dll
0x000007fefdb10000 - 0x000007fefdbaf000 	C:\windows\system32\msvcrt.dll
0x000007fefdef0000 - 0x000007fefdf0f000 	C:\windows\SYSTEM32\sechost.dll
0x000007fefdc10000 - 0x000007fefdd3d000 	C:\windows\system32\RPCRT4.dll
0x00000000776b0000 - 0x00000000777aa000 	C:\windows\system32\USER32.dll
0x000007feff6f0000 - 0x000007feff757000 	C:\windows\system32\GDI32.dll
0x000007fefe060000 - 0x000007fefe06e000 	C:\windows\system32\LPK.dll
0x000007feff910000 - 0x000007feff9da000 	C:\windows\system32\USP10.dll
0x000007fefc140000 - 0x000007fefc334000 	C:\windows\WinSxS\amd64_microsoft.windows.common-controls_6595b64144ccf1df_6.0.7601.18837_none_fa3b1e3d17594757\COMCTL32.dll
0x000007fefdf10000 - 0x000007fefdf81000 	C:\windows\system32\SHLWAPI.dll
0x000007fefe030000 - 0x000007fefe05e000 	C:\windows\system32\IMM32.DLL
0x000007fefe070000 - 0x000007fefe179000 	C:\windows\system32\MSCTF.dll
0x0000000063280000 - 0x0000000063352000 	C:\Program Files\Java\jdk1.8.0_60\jre\bin\msvcr100.dll
0x000000006f530000 - 0x000000006fdb9000 	C:\Program Files\Java\jdk1.8.0_60\jre\bin\server\jvm.dll
0x000007fef8990000 - 0x000007fef8999000 	C:\windows\system32\WSOCK32.dll
0x000007fefdac0000 - 0x000007fefdb0d000 	C:\windows\system32\WS2_32.dll
0x000007fefe180000 - 0x000007fefe188000 	C:\windows\system32\NSI.dll
0x000007fefb300000 - 0x000007fefb33b000 	C:\windows\system32\WINMM.dll
0x000007fefc7d0000 - 0x000007fefc7dc000 	C:\windows\system32\VERSION.dll
0x0000000077980000 - 0x0000000077987000 	C:\windows\system32\PSAPI.DLL
0x00000000724b0000 - 0x00000000724bf000 	C:\Program Files\Java\jdk1.8.0_60\jre\bin\verify.dll
0x0000000072480000 - 0x00000000724a9000 	C:\Program Files\Java\jdk1.8.0_60\jre\bin\java.dll
0x0000000072460000 - 0x0000000072476000 	C:\Program Files\Java\jdk1.8.0_60\jre\bin\zip.dll
0x000007fefe3f0000 - 0x000007feff17c000 	C:\windows\system32\SHELL32.dll
0x000007feff4e0000 - 0x000007feff6e3000 	C:\windows\system32\ole32.dll
0x000007fefd6b0000 - 0x000007fefd6bf000 	C:\windows\system32\profapi.dll

VM Arguments:
jvm_args: -Djava.awt.headless=true -Xmx1024M -Dfile.encoding=windows-1252 -Duser.country=US -Duser.language=en -Duser.variant 
java_command: com.android.dx.command.Main --dex --force-jumbo --num-threads=4 --multi-dex --output C:\Users\cardosod\Downloads\FirebaseExample\app\build\intermediates\transforms\dex\debug\folders\1000\10\com.android.support-support-v4-24.1.0_54307ec1a58f5a14df6a55533a22a69b57ab34c9 C:\Users\cardosod\Downloads\FirebaseExample\app\build\intermediates\exploded-aar\com.android.support\support-v4\24.1.0\jars\classes.jar
java_class_path (initial): C:\Users\cardosod\AppData\Local\Android\sdk1\build-tools\23.0.2\lib\dx.jar
Launcher Type: SUN_STANDARD

Environment Variables:
PATH=C:\windows\CCM\;C:\ProgramData\Oracle\Java\javapath;C:\Program Files (x86)\RSA SecurID Token Common;C:\windows\system32;C:\windows;C:\windows\System32\Wbem;C:\windows\System32\WindowsPowerShell\v1.0\;C:\Users\cardosod\Desktop\Eldorado\Fastboot;C:\Users\cardosod\Desktop\Eldorado\Scripts;C:\Program Files (x86)\Android\android-sdk\platform-tools;C:\Users\cardosod\Desktop\backup-new\X2_SubLock\modem_scripts_py27;C:\Python_3.5;C:\Python_3.5\Scripts;C:\Python_3.5\Lib\site-packages\django\bin;C:\Program Files\TortoiseSVN\bin;C:\Program Files\Java\jre7\bin;C:\Program Files (x86)\Skype\Phone\;C:\Program Files\CPV\ODM;C:\Users\cardosod\AppData\Local\Google\Chrome\Application;C:\ProgramData\Oracle\Java\javapath;C:\windows\system32;C:\windows;C:\windows\System32\Wbem;C:\windows\System32\WindowsPowerShell\v1.0\;C:\Users\cardosod\Desktop\Eldorado\Fastboot;C:\Users\cardosod\Desktop\Eldorado\Scripts;C:\Program Files (x86)\Android\android-sdk\platform-tools;C:\Users\cardosod\Desktop\backup-new\X2_SubLock\modem_scripts_py27;C:\Python27;C:\Program Files\CPV\ODM;C:\Users\cardosod\AppData\Local\Programs\Git\cmd
USERNAME=cardosod
OS=Windows_NT
PROCESSOR_IDENTIFIER=Intel64 Family 6 Model 69 Stepping 1, GenuineIntel



---------------  S Y S T E M  ---------------

OS: Windows 7 , 64 bit Build 7601 (6.1.7601.23455)

CPU:total 4 (2 cores per cpu, 2 threads per core) family 6 model 69 stepping 1, cmov, cx8, fxsr, mmx, sse, sse2, sse3, ssse3, sse4.1, sse4.2, popcnt, avx, avx2, aes, clmul, erms, lzcnt, ht, tsc, tscinvbit, bmi1, bmi2

Memory: 4k page, physical 8069036k(310220k free), swap 10200252k(5508k free)

vm_info: Java HotSpot(TM) 64-Bit Server VM (25.60-b23) for windows-amd64 JRE (1.8.0_60-b27), built on Aug  4 2015 11:06:27 by "java_re" with MS VC++ 10.0 (VS2010)

time: Tue Jul 26 07:56:18 2016
elapsed time: 16 seconds (0d 0h 0m 16s)

