#
# There is insufficient memory for the Java Runtime Environment to continue.
# Native memory allocation (malloc) failed to allocate 32744 bytes for ChunkPool::allocate
# Possible reasons:
#   The system is out of physical RAM or swap space
#   In 32 bit mode, the process size limit was hit
# Possible solutions:
#   Reduce memory load on the system
#   Increase physical memory or swap space
#   Check if swap backing store is full
#   Use 64 bit Java on a 64 bit OS
#   Decrease Java heap size (-Xmx/-Xms)
#   Decrease number of Java threads
#   Decrease Java thread stack sizes (-Xss)
#   Set larger code cache with -XX:ReservedCodeCacheSize=
# This output file may be truncated or incomplete.
#
#  Out of Memory Error (allocation.cpp:273), pid=10584, tid=10024
#
# JRE version: Java(TM) SE Runtime Environment (8.0_60-b27) (build 1.8.0_60-b27)
# Java VM: Java HotSpot(TM) 64-Bit Server VM (25.60-b23 mixed mode windows-amd64 compressed oops)
# Failed to write core dump. Minidumps are not enabled by default on client versions of Windows
#

---------------  T H R E A D  ---------------

Current thread (0x00000000562e4800):  JavaThread "C2 CompilerThread0" daemon [_thread_in_native, id=10024, stack(0x0000000056ba0000,0x0000000056ca0000)]

Stack: [0x0000000056ba0000,0x0000000056ca0000]
[error occurred during error reporting (printing stack bounds), id 0xc0000005]

Native frames: (J=compiled Java code, j=interpreted, Vv=VM code, C=native code)


Current CompileTask:
C2:  16411 1736       4       com.android.dx.cf.code.Simulator$SimVisitor::visitConstant (332 bytes)


---------------  P R O C E S S  ---------------

Java Threads: ( => current thread )
  0x00000000565ec000 JavaThread "pool-2-thread-4" [_thread_blocked, id=10892, stack(0x0000000057920000,0x0000000057a20000)]
  0x00000000565e9000 JavaThread "pool-2-thread-3" [_thread_blocked, id=5776, stack(0x0000000056a90000,0x0000000056b90000)]
  0x00000000565ee000 JavaThread "pool-2-thread-2" [_thread_blocked, id=10604, stack(0x00000000577f0000,0x00000000578f0000)]
  0x000000005657d800 JavaThread "pool-3-thread-1" [_thread_blocked, id=4316, stack(0x0000000057600000,0x0000000057700000)]
  0x0000000056573800 JavaThread "pool-2-thread-1" [_thread_blocked, id=11592, stack(0x00000000574e0000,0x00000000575e0000)]
  0x000000005635c800 JavaThread "Service Thread" daemon [_thread_blocked, id=4168, stack(0x0000000057120000,0x0000000057220000)]
  0x0000000056338800 JavaThread "C1 CompilerThread2" daemon [_thread_blocked, id=7588, stack(0x0000000056f20000,0x0000000057020000)]
  0x00000000562ea000 JavaThread "C2 CompilerThread1" daemon [_thread_in_native, id=3056, stack(0x0000000056da0000,0x0000000056ea0000)]
=>0x00000000562e4800 JavaThread "C2 CompilerThread0" daemon [_thread_in_native, id=10024, stack(0x0000000056ba0000,0x0000000056ca0000)]
  0x0000000054e63000 JavaThread "Attach Listener" daemon [_thread_blocked, id=11676, stack(0x0000000056940000,0x0000000056a40000)]
  0x0000000054e61800 JavaThread "Signal Dispatcher" daemon [_thread_blocked, id=1380, stack(0x0000000056800000,0x0000000056900000)]
  0x0000000054e07800 JavaThread "Finalizer" daemon [_thread_blocked, id=10832, stack(0x00000000561e0000,0x00000000562e0000)]
  0x0000000054e00800 JavaThread "Reference Handler" daemon [_thread_blocked, id=1212, stack(0x0000000056060000,0x0000000056160000)]
  0x0000000001f5e800 JavaThread "main" [_thread_in_vm, id=11812, stack(0x0000000002340000,0x0000000002440000)]

Other Threads:
  0x0000000054dfb000 VMThread [stack: 0x0000000055f60000,0x0000000056060000] [id=8028]
  0x000000005636e000 WatcherThread [stack: 0x0000000057310000,0x0000000057410000] [id=9100]

VM state:not at safepoint (normal execution)

VM Mutex/Monitor currently owned by a thread: None

Heap:
 PSYoungGen      total 68608K, used 36697K [0x00000000eab00000, 0x00000000ef300000, 0x0000000100000000)
  eden space 63488K, 49% used [0x00000000eab00000,0x00000000ec9de6c8,0x00000000ee900000)
  from space 5120K, 99% used [0x00000000eee00000,0x00000000ef2f8048,0x00000000ef300000)
  to   space 5120K, 0% used [0x00000000ee900000,0x00000000ee900000,0x00000000eee00000)
 ParOldGen       total 84992K, used 4334K [0x00000000c0000000, 0x00000000c5300000, 0x00000000eab00000)
  object space 84992K, 5% used [0x00000000c0000000,0x00000000c043b808,0x00000000c5300000)
 Metaspace       used 6248K, capacity 7088K, committed 7296K, reserved 1056768K
  class space    used 600K, capacity 616K, committed 640K, reserved 1048576K

Card table byte_map: [0x0000000011ad0000,0x0000000011ce0000] byte_map_base: 0x00000000114d0000

Marking Bits: (ParMarkBitMap*) 0x000000006fd3a5b0
 Begin Bits: [0x0000000012270000, 0x0000000013270000)
 End Bits:   [0x0000000013270000, 0x0000000014270000)

Polling page: 0x0000000000250000

CodeCache: size=245760Kb used=7269Kb max_used=7281Kb free=238490Kb
 bounds [0x0000000002710000, 0x0000000002e40000, 0x0000000011710000]
 total_blobs=1994 nmethods=1726 adapters=181
 compilation: enabled

Compilation events (10 events):
Event: 15.675 Thread 0x00000000562e4800 1736       4       com.android.dx.cf.code.Simulator$SimVisitor::visitConstant (332 bytes)
Event: 15.676 Thread 0x0000000056338800 nmethod 1737 0x0000000002e1c550 code [0x0000000002e1c6a0, 0x0000000002e1c7d0]
Event: 15.683 Thread 0x0000000056338800 1743       3       com.android.dx.rop.code.RegisterSpecList::make (17 bytes)
Event: 15.683 Thread 0x0000000056338800 nmethod 1743 0x0000000002e0e610 code [0x0000000002e0e7e0, 0x0000000002e0f068]
Event: 15.683 Thread 0x0000000056338800 1741       3       com.android.dx.rop.cst.CstLiteral64::equals (36 bytes)
Event: 15.684 Thread 0x0000000056338800 nmethod 1741 0x0000000002e1be90 code [0x0000000002e1c000, 0x0000000002e1c450]
Event: 15.684 Thread 0x0000000056338800 1739       3       java.io.FilterInputStream::read (9 bytes)
Event: 15.684 Thread 0x0000000056338800 nmethod 1739 0x0000000002e0e190 code [0x0000000002e0e300, 0x0000000002e0e528]
Event: 15.687 Thread 0x0000000056338800 1744       3       java.lang.Boolean::valueOf (14 bytes)
Event: 15.687 Thread 0x0000000056338800 nmethod 1744 0x0000000002e1bb50 code [0x0000000002e1bca0, 0x0000000002e1be30]

GC Heap History (4 events):
Event: 1.523 GC heap before
{Heap before GC invocations=1 (full 0):
 PSYoungGen      total 36864K, used 31744K [0x00000000eab00000, 0x00000000ed400000, 0x0000000100000000)
  eden space 31744K, 100% used [0x00000000eab00000,0x00000000eca00000,0x00000000eca00000)
  from space 5120K, 0% used [0x00000000ecf00000,0x00000000ecf00000,0x00000000ed400000)
  to   space 5120K, 0% used [0x00000000eca00000,0x00000000eca00000,0x00000000ecf00000)
 ParOldGen       total 84992K, used 0K [0x00000000c0000000, 0x00000000c5300000, 0x00000000eab00000)
  object space 84992K, 0% used [0x00000000c0000000,0x00000000c0000000,0x00000000c5300000)
 Metaspace       used 5894K, capacity 6832K, committed 7040K, reserved 1056768K
  class space    used 599K, capacity 616K, committed 640K, reserved 1048576K
Event: 1.775 GC heap after
Heap after GC invocations=1 (full 0):
 PSYoungGen      total 36864K, used 5107K [0x00000000eab00000, 0x00000000ef300000, 0x0000000100000000)
  eden space 31744K, 0% used [0x00000000eab00000,0x00000000eab00000,0x00000000eca00000)
  from space 5120K, 99% used [0x00000000eca00000,0x00000000ecefcee8,0x00000000ecf00000)
  to   space 5120K, 0% used [0x00000000eee00000,0x00000000eee00000,0x00000000ef300000)
 ParOldGen       total 84992K, used 251K [0x00000000c0000000, 0x00000000c5300000, 0x00000000eab00000)
  object space 84992K, 0% used [0x00000000c0000000,0x00000000c003ee70,0x00000000c5300000)
 Metaspace       used 5894K, capacity 6832K, committed 7040K, reserved 1056768K
  class space    used 599K, capacity 616K, committed 640K, reserved 1048576K
}
Event: 11.851 GC heap before
{Heap before GC invocations=2 (full 0):
 PSYoungGen      total 36864K, used 36851K [0x00000000eab00000, 0x00000000ef300000, 0x0000000100000000)
  eden space 31744K, 100% used [0x00000000eab00000,0x00000000eca00000,0x00000000eca00000)
  from space 5120K, 99% used [0x00000000eca00000,0x00000000ecefcee8,0x00000000ecf00000)
  to   space 5120K, 0% used [0x00000000eee00000,0x00000000eee00000,0x00000000ef300000)
 ParOldGen       total 84992K, used 251K [0x00000000c0000000, 0x00000000c5300000, 0x00000000eab00000)
  object space 84992K, 0% used [0x00000000c0000000,0x00000000c003ee70,0x00000000c5300000)
 Metaspace       used 6170K, capacity 7024K, committed 7296K, reserved 1056768K
  class space    used 600K, capacity 616K, committed 640K, reserved 1048576K
Event: 12.514 GC heap after
Heap after GC invocations=2 (full 0):
 PSYoungGen      total 68608K, used 5088K [0x00000000eab00000, 0x00000000ef300000, 0x0000000100000000)
  eden space 63488K, 0% used [0x00000000eab00000,0x00000000eab00000,0x00000000ee900000)
  from space 5120K, 99% used [0x00000000eee00000,0x00000000ef2f8048,0x00000000ef300000)
  to   space 5120K, 0% used [0x00000000ee900000,0x00000000ee900000,0x00000000eee00000)
 ParOldGen       total 84992K, used 4334K [0x00000000c0000000, 0x00000000c5300000, 0x00000000eab00000)
  object space 84992K, 5% used [0x00000000c0000000,0x00000000c043b808,0x00000000c5300000)
 Metaspace       used 6170K, capacity 7024K, committed 7296K, reserved 1056768K
  class space    used 600K, capacity 616K, committed 640K, reserved 1048576K
}

Deoptimization events (10 events):
Event: 9.171 Thread 0x00000000565ec000 Uncommon trap: reason=bimorphic action=maybe_recompile pc=0x0000000002c87e58 method=com.android.dx.ssa.SCCP.simulatePhi(Lcom/android/dx/ssa/PhiInsn;)V @ 124
Event: 9.491 Thread 0x0000000001f5e800 Uncommon trap: reason=unstable_if action=reinterpret pc=0x0000000002c318bc method=com.android.dx.rop.cst.StdConstantPool.set(ILcom/android/dx/rop/cst/Constant;)V @ 12
Event: 10.527 Thread 0x0000000056573800 Uncommon trap: reason=unstable_if action=reinterpret pc=0x0000000002c5a9f4 method=com.android.dx.ssa.LiteralOpUpgrader$1.visitNonMoveInsn(Lcom/android/dx/ssa/NormalSsaInsn;)V @ 55
Event: 10.527 Thread 0x0000000056573800 Uncommon trap: reason=unstable_if action=reinterpret pc=0x0000000002a97e4c method=com.android.dx.ssa.SsaMethod.updateOneDefinition(Lcom/android/dx/ssa/SsaInsn;Lcom/android/dx/rop/code/RegisterSpec;)V @ 4
Event: 14.553 Thread 0x00000000565ec000 Uncommon trap: reason=unstable_if action=reinterpret pc=0x0000000002bf8d0c method=com.android.dx.ssa.SCCP.simulateBranch(Lcom/android/dx/ssa/SsaInsn;)V @ 548
Event: 14.932 Thread 0x00000000565ec000 Uncommon trap: reason=bimorphic action=maybe_recompile pc=0x0000000002c63e48 method=com.android.dx.ssa.LiteralOpUpgrader.tryReplacingWithConstant(Lcom/android/dx/ssa/NormalSsaInsn;)Z @ 52
Event: 14.932 Thread 0x00000000565ec000 Uncommon trap: reason=unstable_if action=reinterpret pc=0x0000000002c3f52c method=com.android.dx.dex.code.RopToDop.dopFor(Lcom/android/dx/rop/code/Insn;)Lcom/android/dx/dex/code/Dop; @ 747
Event: 14.943 Thread 0x00000000565ec000 Uncommon trap: reason=unstable_if action=reinterpret pc=0x0000000002d8f1b8 method=java.util.HashMap.putVal(ILjava/lang/Object;Ljava/lang/Object;ZZ)Ljava/lang/Object; @ 94
Event: 15.318 Thread 0x00000000565ee000 Uncommon trap: reason=unstable_if action=reinterpret pc=0x0000000002d4dad0 method=com.android.dx.cf.code.Merger.mergeType(Lcom/android/dx/rop/type/TypeBearer;Lcom/android/dx/rop/type/TypeBearer;)Lcom/android/dx/rop/type/TypeBearer; @ 52
Event: 15.576 Thread 0x0000000001f5e800 Uncommon trap: reason=unstable_if action=reinterpret pc=0x00000000029b371c method=java.lang.String.<init>([CII)V @ 18

Internal exceptions (3 events):
Event: 0.085 Thread 0x0000000001f5e800 Exception <a 'java/lang/NoSuchMethodError': Method sun.misc.Unsafe.defineClass(Ljava/lang/String;[BII)Ljava/lang/Class; name or signature does not match> (0x00000000eab0d8d8) thrown at [C:\re\workspace\8-2-build-windows-amd64-cygwin\jdk8u60\4407\hotspot\sr2m¡ª…µ?
Event: 0.085 Thread 0x0000000001f5e800 Exception <a 'java/lang/NoSuchMethodError': Method sun.misc.Unsafe.prefetchRead(Ljava/lang/Object;J)V name or signature does not match> (0x00000000eab0dbc0) thrown at [C:\re\workspace\8-2-build-windows-amd64-cygwin\jdk8u60\4407\hotspot\src\share\vm\prims\ji–
Event: 1.986 Thread 0x00000000565ee000 Implicit null exception at 0x0000000002a75952 to 0x0000000002a75a4a

Events (10 events):
Event: 15.318 Thread 0x00000000565ee000 Uncommon trap: trap_request=0xffffff65 fr.pc=0x0000000002d4dad0
Event: 15.318 Thread 0x00000000565ee000 DEOPT PACKING pc=0x0000000002d4dad0 sp=0x00000000578ee610
Event: 15.318 Thread 0x00000000565ee000 DEOPT UNPACKING pc=0x000000000275582a sp=0x00000000578ee5a0 mode 2
Event: 15.322 Thread 0x00000000565ee000 DEOPT PACKING pc=0x0000000002bd5215 sp=0x00000000578ee740
Event: 15.322 Thread 0x00000000565ee000 DEOPT UNPACKING pc=0x000000000275787f sp=0x00000000578ee478 mode 0
Event: 15.575 Thread 0x0000000001f5e800 Uncommon trap: trap_request=0xffffff65 fr.pc=0x00000000029b371c
Event: 15.576 Thread 0x0000000001f5e800 DEOPT PACKING pc=0x00000000029b371c sp=0x000000000243e090
Event: 15.576 Thread 0x0000000001f5e800 DEOPT UNPACKING pc=0x000000000275582a sp=0x000000000243dfc0 mode 2
Event: 15.678 Thread 0x00000000565ec000 DEOPT PACKING pc=0x0000000002b497f1 sp=0x0000000057a1e600
Event: 15.678 Thread 0x00000000565ec000 DEOPT UNPACKING pc=0x000000000275787f sp=0x0000000057a1e430 mode 0


Dynamic libraries:
0x000000013f220000 - 0x000000013f257000 	C:\Program Files\Java\jdk1.8.0_60\bin\java.exe
0x00000000777b0000 - 0x000000007795b000 	C:\windows\SYSTEM32\ntdll.dll
0x0000000077590000 - 0x00000000776af000 	C:\windows\system32\kernel32.dll
0x000007fefd840000 - 0x000007fefd8aa000 	C:\windows\system32\KERNELBASE.dll
0x00000000753f0000 - 0x0000000075479000 	C:\windows\System32\SYSFER.DLL
0x000007feff9e0000 - 0x000007feffabb000 	C:\windows\system32\ADVAPI32.dll
0x000007fefdb10000 - 0x000007fefdbaf000 	C:\windows\system32\msvcrt.dll
0x000007fefdef0000 - 0x000007fefdf0f000 	C:\windows\SYSTEM32\sechost.dll
0x000007fefdc10000 - 0x000007fefdd3d000 	C:\windows\system32\RPCRT4.dll
0x00000000776b0000 - 0x00000000777aa000 	C:\windows\system32\USER32.dll
0x000007feff6f0000 - 0x000007feff757000 	C:\windows\system32\GDI32.dll
0x000007fefe060000 - 0x000007fefe06e000 	C:\windows\system32\LPK.dll
0x000007feff910000 - 0x000007feff9da000 	C:\windows\system32\USP10.dll
0x000007fefc140000 - 0x000007fefc334000 	C:\windows\WinSxS\amd64_microsoft.windows.common-controls_6595b64144ccf1df_6.0.7601.18837_none_fa3b1e3d17594757\COMCTL32.dll
0x000007fefdf10000 - 0x000007fefdf81000 	C:\windows\system32\SHLWAPI.dll
0x000007fefe030000 - 0x000007fefe05e000 	C:\windows\system32\IMM32.DLL
0x000007fefe070000 - 0x000007fefe179000 	C:\windows\system32\MSCTF.dll
0x0000000063280000 - 0x0000000063352000 	C:\Program Files\Java\jdk1.8.0_60\jre\bin\msvcr100.dll
0x000000006f530000 - 0x000000006fdb9000 	C:\Program Files\Java\jdk1.8.0_60\jre\bin\server\jvm.dll
0x000007fef8990000 - 0x000007fef8999000 	C:\windows\system32\WSOCK32.dll
0x000007fefdac0000 - 0x000007fefdb0d000 	C:\windows\system32\WS2_32.dll
0x000007fefe180000 - 0x000007fefe188000 	C:\windows\system32\NSI.dll
0x000007fefb300000 - 0x000007fefb33b000 	C:\windows\system32\WINMM.dll
0x000007fefc7d0000 - 0x000007fefc7dc000 	C:\windows\system32\VERSION.dll
0x0000000077980000 - 0x0000000077987000 	C:\windows\system32\PSAPI.DLL
0x00000000724b0000 - 0x00000000724bf000 	C:\Program Files\Java\jdk1.8.0_60\jre\bin\verify.dll
0x0000000072480000 - 0x00000000724a9000 	C:\Program Files\Java\jdk1.8.0_60\jre\bin\java.dll
0x0000000072460000 - 0x0000000072476000 	C:\Program Files\Java\jdk1.8.0_60\jre\bin\zip.dll
0x000007fefe3f0000 - 0x000007feff17c000 	C:\windows\system32\SHELL32.dll
0x000007feff4e0000 - 0x000007feff6e3000 	C:\windows\system32\ole32.dll
0x000007fefd6b0000 - 0x000007fefd6bf000 	C:\windows\system32\profapi.dll

VM Arguments:
jvm_args: -Djava.awt.headless=true -Xmx1024M -Dfile.encoding=windows-1252 -Duser.country=US -Duser.language=en -Duser.variant 
java_command: com.android.dx.command.Main --dex --force-jumbo --num-threads=4 --multi-dex --output C:\Users\cardosod\Downloads\FirebaseExample\app\build\intermediates\transforms\dex\debug\folders\1000\10\com.google.android.gms-play-services-basement-9.0.0_d1d660f9e9049cf174adb6721afe1b9ef34b37eb C:\Users\cardosod\Downloads\FirebaseExample\app\build\intermediates\exploded-aar\com.google.android.gms\play-services-basement\9.0.0\jars\classes.jar
java_class_path (initial): C:\Users\cardosod\AppData\Local\Android\sdk1\build-tools\23.0.2\lib\dx.jar
Launcher Type: SUN_STANDARD

Environment Variables:
PATH=C:\windows\CCM\;C:\ProgramData\Oracle\Java\javapath;C:\Program Files (x86)\RSA SecurID Token Common;C:\windows\system32;C:\windows;C:\windows\System32\Wbem;C:\windows\System32\WindowsPowerShell\v1.0\;C:\Users\cardosod\Desktop\Eldorado\Fastboot;C:\Users\cardosod\Desktop\Eldorado\Scripts;C:\Program Files (x86)\Android\android-sdk\platform-tools;C:\Users\cardosod\Desktop\backup-new\X2_SubLock\modem_scripts_py27;C:\Python_3.5;C:\Python_3.5\Scripts;C:\Python_3.5\Lib\site-packages\django\bin;C:\Program Files\TortoiseSVN\bin;C:\Program Files\Java\jre7\bin;C:\Program Files (x86)\Skype\Phone\;C:\Program Files\CPV\ODM;C:\Users\cardosod\AppData\Local\Google\Chrome\Application;C:\ProgramData\Oracle\Java\javapath;C:\windows\system32;C:\windows;C:\windows\System32\Wbem;C:\windows\System32\WindowsPowerShell\v1.0\;C:\Users\cardosod\Desktop\Eldorado\Fastboot;C:\Users\cardosod\Desktop\Eldorado\Scripts;C:\Program Files (x86)\Android\android-sdk\platform-tools;C:\Users\cardosod\Desktop\backup-new\X2_SubLock\modem_scripts_py27;C:\Python27;C:\Program Files\CPV\ODM;C:\Users\cardosod\AppData\Local\Programs\Git\cmd
USERNAME=cardosod
OS=Windows_NT
PROCESSOR_IDENTIFIER=Intel64 Family 6 Model 69 Stepping 1, GenuineIntel



---------------  S Y S T E M  ---------------

OS: Windows 7 , 64 bit Build 7601 (6.1.7601.23455)

CPU:total 4 (2 cores per cpu, 2 threads per core) family 6 model 69 stepping 1, cmov, cx8, fxsr, mmx, sse, sse2, sse3, ssse3, sse4.1, sse4.2, popcnt, avx, avx2, aes, clmul, erms, lzcnt, ht, tsc, tscinvbit, bmi1, bmi2

Memory: 4k page, physical 8069036k(309948k free), swap 10200252k(5120k free)

vm_info: Java HotSpot(TM) 64-Bit Server VM (25.60-b23) for windows-amd64 JRE (1.8.0_60-b27), built on Aug  4 2015 11:06:27 by "java_re" with MS VC++ 10.0 (VS2010)

time: Tue Jul 26 07:56:18 2016
elapsed time: 16 seconds (0d 0h 0m 16s)

