#
# There is insufficient memory for the Java Runtime Environment to continue.
# Native memory allocation (malloc) failed to allocate 32744 bytes for ChunkPool::allocate
# Possible reasons:
#   The system is out of physical RAM or swap space
#   In 32 bit mode, the process size limit was hit
# Possible solutions:
#   Reduce memory load on the system
#   Increase physical memory or swap space
#   Check if swap backing store is full
#   Use 64 bit Java on a 64 bit OS
#   Decrease Java heap size (-Xmx/-Xms)
#   Decrease number of Java threads
#   Decrease Java thread stack sizes (-Xss)
#   Set larger code cache with -XX:ReservedCodeCacheSize=
# This output file may be truncated or incomplete.
#
#  Out of Memory Error (allocation.cpp:273), pid=10908, tid=9664
#
# JRE version: Java(TM) SE Runtime Environment (8.0_60-b27) (build 1.8.0_60-b27)
# Java VM: Java HotSpot(TM) 64-Bit Server VM (25.60-b23 mixed mode windows-amd64 compressed oops)
# Failed to write core dump. Minidumps are not enabled by default on client versions of Windows
#

---------------  T H R E A D  ---------------

Current thread (0x000000005506b800):  JavaThread "C2 CompilerThread0" daemon [_thread_in_native, id=9664, stack(0x0000000056840000,0x0000000056940000)]

Stack: [0x0000000056840000,0x0000000056940000]
[error occurred during error reporting (printing stack bounds), id 0xc0000005]

Native frames: (J=compiled Java code, j=interpreted, Vv=VM code, C=native code)


Current CompileTask:
C2:   1823  951       4       com.android.dx.ssa.SCCP::simulateStmt (481 bytes)


---------------  P R O C E S S  ---------------

Java Threads: ( => current thread )
  0x0000000056cec800 JavaThread "pool-2-thread-4" [_thread_in_Java, id=5936, stack(0x00000000576b0000,0x00000000577b0000)]
  0x0000000056cec000 JavaThread "pool-2-thread-3" [_thread_blocked, id=4316, stack(0x0000000057460000,0x0000000057560000)]
  0x0000000056d43000 JavaThread "pool-2-thread-2" [_thread_in_Java, id=11160, stack(0x0000000057580000,0x0000000057680000)]
  0x0000000056ce2800 JavaThread "pool-3-thread-1" [_thread_blocked, id=10700, stack(0x0000000057040000,0x0000000057140000)]
  0x0000000056cce000 JavaThread "pool-2-thread-1" [_thread_blocked, id=5736, stack(0x0000000057360000,0x0000000057460000)]
  0x0000000056a71800 JavaThread "Service Thread" daemon [_thread_blocked, id=1044, stack(0x0000000056ee0000,0x0000000056fe0000)]
  0x000000005506e800 JavaThread "C1 CompilerThread2" daemon [_thread_in_native, id=10052, stack(0x0000000056970000,0x0000000056a70000)]
  0x000000005506d800 JavaThread "C2 CompilerThread1" daemon [_thread_in_native, id=4148, stack(0x0000000056230000,0x0000000056330000)]
=>0x000000005506b800 JavaThread "C2 CompilerThread0" daemon [_thread_in_native, id=9664, stack(0x0000000056840000,0x0000000056940000)]
  0x0000000055065000 JavaThread "Attach Listener" daemon [_thread_blocked, id=12220, stack(0x00000000566d0000,0x00000000567d0000)]
  0x0000000055063800 JavaThread "Signal Dispatcher" daemon [_thread_blocked, id=8728, stack(0x00000000564e0000,0x00000000565e0000)]
  0x0000000055001800 JavaThread "Finalizer" daemon [_thread_blocked, id=8376, stack(0x00000000563b0000,0x00000000564b0000)]
  0x0000000055000800 JavaThread "Reference Handler" daemon [_thread_blocked, id=8100, stack(0x0000000056100000,0x0000000056200000)]
  0x000000000022e800 JavaThread "main" [_thread_in_vm, id=12176, stack(0x00000000022c0000,0x00000000023c0000)]

Other Threads:
  0x0000000054ffb000 VMThread [stack: 0x0000000055f10000,0x0000000056010000] [id=5200]
  0x0000000056aeb000 WatcherThread [stack: 0x00000000571a0000,0x00000000572a0000] [id=9528]

VM state:not at safepoint (normal execution)

VM Mutex/Monitor currently owned by a thread: None

Heap:
 PSYoungGen      total 36864K, used 21429K [0x00000000eab00000, 0x00000000ef300000, 0x0000000100000000)
  eden space 31744K, 51% used [0x00000000eab00000,0x00000000ebaf1d00,0x00000000eca00000)
  from space 5120K, 99% used [0x00000000eca00000,0x00000000ecefb7a0,0x00000000ecf00000)
  to   space 5120K, 0% used [0x00000000eee00000,0x00000000eee00000,0x00000000ef300000)
 ParOldGen       total 84992K, used 1220K [0x00000000c0000000, 0x00000000c5300000, 0x00000000eab00000)
  object space 84992K, 1% used [0x00000000c0000000,0x00000000c01313f0,0x00000000c5300000)
 Metaspace       used 5947K, capacity 6896K, committed 7040K, reserved 1056768K
  class space    used 591K, capacity 616K, committed 640K, reserved 1048576K

Card table byte_map: [0x0000000011a50000,0x0000000011c60000] byte_map_base: 0x0000000011450000

Marking Bits: (ParMarkBitMap*) 0x000000006fd3a5b0
 Begin Bits: [0x0000000012470000, 0x0000000013470000)
 End Bits:   [0x0000000013470000, 0x0000000014470000)

Polling page: 0x0000000000470000

CodeCache: size=245760Kb used=4124Kb max_used=4124Kb free=241635Kb
 bounds [0x0000000002690000, 0x0000000002aa0000, 0x0000000011690000]
 total_blobs=1444 nmethods=1177 adapters=180
 compilation: enabled

Compilation events (10 events):
Event: 1.805 Thread 0x000000005506e800 nmethod 1213 0x0000000002a93950 code [0x0000000002a93ae0, 0x0000000002a93f38]
Event: 1.805 Thread 0x000000005506e800 1216       3       com.android.dx.ssa.SsaMethod::makeExitBlock (134 bytes)
Event: 1.807 Thread 0x000000005506e800 nmethod 1216 0x0000000002a94110 code [0x0000000002a943a0, 0x0000000002a95328]
Event: 1.807 Thread 0x000000005506e800 1217       3       com.android.dx.ssa.back.SsaToRop::convertBasicBlocks (151 bytes)
Event: 1.809 Thread 0x000000005506e800 nmethod 1217 0x0000000002a95c50 code [0x0000000002a95f40, 0x0000000002a97778]
Event: 1.809 Thread 0x000000005506e800 1222       1       com.android.dx.cf.code.BasicBlocker::setPreviousOffset (6 bytes)
Event: 1.810 Thread 0x000000005506e800 nmethod 1222 0x0000000002a98550 code [0x0000000002a986a0, 0x0000000002a987b0]
Event: 1.810 Thread 0x000000005506e800 1219       3       com.android.dx.cf.code.BasicBlocker::visitNoArgs (298 bytes)
Event: 1.811 Thread 0x000000005506e800 nmethod 1219 0x0000000002a98810 code [0x0000000002a98a80, 0x0000000002a99838]
Event: 1.811 Thread 0x000000005506e800 1221       3       com.android.dx.cf.code.Simulator$SimVisitor::visitNoArgs (2108 bytes)

GC Heap History (2 events):
Event: 1.266 GC heap before
{Heap before GC invocations=1 (full 0):
 PSYoungGen      total 36864K, used 31744K [0x00000000eab00000, 0x00000000ed400000, 0x0000000100000000)
  eden space 31744K, 100% used [0x00000000eab00000,0x00000000eca00000,0x00000000eca00000)
  from space 5120K, 0% used [0x00000000ecf00000,0x00000000ecf00000,0x00000000ed400000)
  to   space 5120K, 0% used [0x00000000eca00000,0x00000000eca00000,0x00000000ecf00000)
 ParOldGen       total 84992K, used 0K [0x00000000c0000000, 0x00000000c5300000, 0x00000000eab00000)
  object space 84992K, 0% used [0x00000000c0000000,0x00000000c0000000,0x00000000c5300000)
 Metaspace       used 5774K, capacity 6704K, committed 6784K, reserved 1056768K
  class space    used 591K, capacity 616K, committed 640K, reserved 1048576K
Event: 1.522 GC heap after
Heap after GC invocations=1 (full 0):
 PSYoungGen      total 36864K, used 5101K [0x00000000eab00000, 0x00000000ef300000, 0x0000000100000000)
  eden space 31744K, 0% used [0x00000000eab00000,0x00000000eab00000,0x00000000eca00000)
  from space 5120K, 99% used [0x00000000eca00000,0x00000000ecefb7a0,0x00000000ecf00000)
  to   space 5120K, 0% used [0x00000000eee00000,0x00000000eee00000,0x00000000ef300000)
 ParOldGen       total 84992K, used 1220K [0x00000000c0000000, 0x00000000c5300000, 0x00000000eab00000)
  object space 84992K, 1% used [0x00000000c0000000,0x00000000c01313f0,0x00000000c5300000)
 Metaspace       used 5774K, capacity 6704K, committed 6784K, reserved 1056768K
  class space    used 591K, capacity 616K, committed 640K, reserved 1048576K
}

Deoptimization events (8 events):
Event: 0.726 Thread 0x0000000056cec800 Uncommon trap: reason=unstable_if action=reinterpret pc=0x00000000028c319c method=java.util.HashMap.getNode(ILjava/lang/Object;)Ljava/util/HashMap$Node; @ 62
Event: 0.946 Thread 0x0000000056cce000 Uncommon trap: reason=class_check action=maybe_recompile pc=0x0000000002917100 method=com.android.dx.ssa.NormalSsaInsn.accept(Lcom/android/dx/ssa/SsaInsn$Visitor;)V @ 9
Event: 0.975 Thread 0x0000000056cec000 Uncommon trap: reason=class_check action=maybe_recompile pc=0x0000000002917100 method=com.android.dx.ssa.NormalSsaInsn.accept(Lcom/android/dx/ssa/SsaInsn$Visitor;)V @ 9
Event: 0.975 Thread 0x0000000056cec000 Uncommon trap: reason=class_check action=maybe_recompile pc=0x0000000002905fa0 method=com.android.dx.ssa.NormalSsaInsn.accept(Lcom/android/dx/ssa/SsaInsn$Visitor;)V @ 9
Event: 0.975 Thread 0x0000000056cec000 Uncommon trap: reason=class_check action=maybe_recompile pc=0x0000000002905fa0 method=com.android.dx.ssa.NormalSsaInsn.accept(Lcom/android/dx/ssa/SsaInsn$Visitor;)V @ 9
Event: 1.030 Thread 0x0000000056cce000 Uncommon trap: reason=unstable_if action=reinterpret pc=0x00000000028c4a24 method=java.util.BitSet.ensureCapacity(I)V @ 6
Event: 1.033 Thread 0x000000000022e800 Uncommon trap: reason=class_check action=maybe_recompile pc=0x0000000002917100 method=com.android.dx.ssa.NormalSsaInsn.accept(Lcom/android/dx/ssa/SsaInsn$Visitor;)V @ 9
Event: 1.050 Thread 0x0000000056cce000 Uncommon trap: reason=null_check action=make_not_entrant pc=0x000000000296f658 method=com.android.dx.rop.type.Type.equals(Ljava/lang/Object;)Z @ 8

Internal exceptions (3 events):
Event: 0.055 Thread 0x000000000022e800 Exception <a 'java/lang/NoSuchMethodError': Method sun.misc.Unsafe.defineClass(Ljava/lang/String;[BII)Ljava/lang/Class; name or signature does not match> (0x00000000eab0dbf8) thrown at [C:\re\workspace\8-2-build-windows-amd64-cygwin\jdk8u60\4407\hotspot\sr—¢¨ÈE¨?
Event: 0.055 Thread 0x000000000022e800 Exception <a 'java/lang/NoSuchMethodError': Method sun.misc.Unsafe.prefetchRead(Ljava/lang/Object;J)V name or signature does not match> (0x00000000eab0dee0) thrown at [C:\re\workspace\8-2-build-windows-amd64-cygwin\jdk8u60\4407\hotspot\src\share\vm\prims\j†^_êÃ?
Event: 1.050 Thread 0x0000000056cce000 Implicit null exception at 0x000000000296f552 to 0x000000000296f64a

Events (10 events):
Event: 1.030 Thread 0x0000000056cce000 DEOPT PACKING pc=0x00000000028c4a24 sp=0x000000005745eae0
Event: 1.030 Thread 0x0000000056cce000 DEOPT UNPACKING pc=0x00000000026d582a sp=0x000000005745e9c8 mode 2
Event: 1.033 Thread 0x000000000022e800 Uncommon trap: trap_request=0xffffffde fr.pc=0x0000000002917100
Event: 1.033 Thread 0x000000000022e800 DEOPT PACKING pc=0x0000000002917100 sp=0x00000000023be1a0
Event: 1.033 Thread 0x000000000022e800 DEOPT UNPACKING pc=0x00000000026d582a sp=0x00000000023be0f0 mode 2
Event: 1.050 Thread 0x0000000056cce000 Uncommon trap: trap_request=0xfffffff4 fr.pc=0x000000000296f658
Event: 1.050 Thread 0x0000000056cce000 DEOPT PACKING pc=0x000000000296f658 sp=0x000000005745e910
Event: 1.050 Thread 0x0000000056cce000 DEOPT UNPACKING pc=0x00000000026d582a sp=0x000000005745e8a8 mode 2
Event: 1.115 Executing VM operation: ParallelGCFailedAllocation
Event: 1.522 Executing VM operation: ParallelGCFailedAllocation done


Dynamic libraries:
0x000000013f220000 - 0x000000013f257000 	C:\Program Files\Java\jdk1.8.0_60\bin\java.exe
0x00000000777b0000 - 0x000000007795b000 	C:\windows\SYSTEM32\ntdll.dll
0x0000000077590000 - 0x00000000776af000 	C:\windows\system32\kernel32.dll
0x000007fefd840000 - 0x000007fefd8aa000 	C:\windows\system32\KERNELBASE.dll
0x00000000753f0000 - 0x0000000075479000 	C:\windows\System32\SYSFER.DLL
0x000007feff9e0000 - 0x000007feffabb000 	C:\windows\system32\ADVAPI32.dll
0x000007fefdb10000 - 0x000007fefdbaf000 	C:\windows\system32\msvcrt.dll
0x000007fefdef0000 - 0x000007fefdf0f000 	C:\windows\SYSTEM32\sechost.dll
0x000007fefdc10000 - 0x000007fefdd3d000 	C:\windows\system32\RPCRT4.dll
0x00000000776b0000 - 0x00000000777aa000 	C:\windows\system32\USER32.dll
0x000007feff6f0000 - 0x000007feff757000 	C:\windows\system32\GDI32.dll
0x000007fefe060000 - 0x000007fefe06e000 	C:\windows\system32\LPK.dll
0x000007feff910000 - 0x000007feff9da000 	C:\windows\system32\USP10.dll
0x000007fefc140000 - 0x000007fefc334000 	C:\windows\WinSxS\amd64_microsoft.windows.common-controls_6595b64144ccf1df_6.0.7601.18837_none_fa3b1e3d17594757\COMCTL32.dll
0x000007fefdf10000 - 0x000007fefdf81000 	C:\windows\system32\SHLWAPI.dll
0x000007fefe030000 - 0x000007fefe05e000 	C:\windows\system32\IMM32.DLL
0x000007fefe070000 - 0x000007fefe179000 	C:\windows\system32\MSCTF.dll
0x0000000063280000 - 0x0000000063352000 	C:\Program Files\Java\jdk1.8.0_60\jre\bin\msvcr100.dll
0x000000006f530000 - 0x000000006fdb9000 	C:\Program Files\Java\jdk1.8.0_60\jre\bin\server\jvm.dll
0x000007fef8990000 - 0x000007fef8999000 	C:\windows\system32\WSOCK32.dll
0x000007fefdac0000 - 0x000007fefdb0d000 	C:\windows\system32\WS2_32.dll
0x000007fefe180000 - 0x000007fefe188000 	C:\windows\system32\NSI.dll
0x000007fefb300000 - 0x000007fefb33b000 	C:\windows\system32\WINMM.dll
0x000007fefc7d0000 - 0x000007fefc7dc000 	C:\windows\system32\VERSION.dll
0x0000000077980000 - 0x0000000077987000 	C:\windows\system32\PSAPI.DLL
0x00000000724b0000 - 0x00000000724bf000 	C:\Program Files\Java\jdk1.8.0_60\jre\bin\verify.dll
0x0000000072480000 - 0x00000000724a9000 	C:\Program Files\Java\jdk1.8.0_60\jre\bin\java.dll
0x0000000072460000 - 0x0000000072476000 	C:\Program Files\Java\jdk1.8.0_60\jre\bin\zip.dll
0x000007fefe3f0000 - 0x000007feff17c000 	C:\windows\system32\SHELL32.dll
0x000007feff4e0000 - 0x000007feff6e3000 	C:\windows\system32\ole32.dll
0x000007fefd6b0000 - 0x000007fefd6bf000 	C:\windows\system32\profapi.dll

VM Arguments:
jvm_args: -Djava.awt.headless=true -Xmx1024M -Dfile.encoding=windows-1252 -Duser.country=US -Duser.language=en -Duser.variant 
java_command: com.android.dx.command.Main --dex --force-jumbo --num-threads=4 --multi-dex --output C:\Users\cardosod\Downloads\FirebaseExample\app\build\intermediates\transforms\dex\debug\folders\1000\10\com.google.android.gms-play-services-fitness-9.0.0_c03c638d4bcac50441e392abe077709b6405ac06 C:\Users\cardosod\Downloads\FirebaseExample\app\build\intermediates\exploded-aar\com.google.android.gms\play-services-fitness\9.0.0\jars\classes.jar
java_class_path (initial): C:\Users\cardosod\AppData\Local\Android\sdk1\build-tools\23.0.2\lib\dx.jar
Launcher Type: SUN_STANDARD

Environment Variables:
PATH=C:\windows\CCM\;C:\ProgramData\Oracle\Java\javapath;C:\Program Files (x86)\RSA SecurID Token Common;C:\windows\system32;C:\windows;C:\windows\System32\Wbem;C:\windows\System32\WindowsPowerShell\v1.0\;C:\Users\cardosod\Desktop\Eldorado\Fastboot;C:\Users\cardosod\Desktop\Eldorado\Scripts;C:\Program Files (x86)\Android\android-sdk\platform-tools;C:\Users\cardosod\Desktop\backup-new\X2_SubLock\modem_scripts_py27;C:\Python_3.5;C:\Python_3.5\Scripts;C:\Python_3.5\Lib\site-packages\django\bin;C:\Program Files\TortoiseSVN\bin;C:\Program Files\Java\jre7\bin;C:\Program Files (x86)\Skype\Phone\;C:\Program Files\CPV\ODM;C:\Users\cardosod\AppData\Local\Google\Chrome\Application;C:\ProgramData\Oracle\Java\javapath;C:\windows\system32;C:\windows;C:\windows\System32\Wbem;C:\windows\System32\WindowsPowerShell\v1.0\;C:\Users\cardosod\Desktop\Eldorado\Fastboot;C:\Users\cardosod\Desktop\Eldorado\Scripts;C:\Program Files (x86)\Android\android-sdk\platform-tools;C:\Users\cardosod\Desktop\backup-new\X2_SubLock\modem_scripts_py27;C:\Python27;C:\Program Files\CPV\ODM;C:\Users\cardosod\AppData\Local\Programs\Git\cmd
USERNAME=cardosod
OS=Windows_NT
PROCESSOR_IDENTIFIER=Intel64 Family 6 Model 69 Stepping 1, GenuineIntel



---------------  S Y S T E M  ---------------

OS: Windows 7 , 64 bit Build 7601 (6.1.7601.23455)

CPU:total 4 (2 cores per cpu, 2 threads per core) family 6 model 69 stepping 1, cmov, cx8, fxsr, mmx, sse, sse2, sse3, ssse3, sse4.1, sse4.2, popcnt, avx, avx2, aes, clmul, erms, lzcnt, ht, tsc, tscinvbit, bmi1, bmi2

Memory: 4k page, physical 8069036k(159624k free), swap 10200252k(5100k free)

vm_info: Java HotSpot(TM) 64-Bit Server VM (25.60-b23) for windows-amd64 JRE (1.8.0_60-b27), built on Aug  4 2015 11:06:27 by "java_re" with MS VC++ 10.0 (VS2010)

time: Tue Jul 26 08:21:28 2016
elapsed time: 1 seconds (0d 0h 0m 1s)

