#
# There is insufficient memory for the Java Runtime Environment to continue.
# Native memory allocation (malloc) failed to allocate 1841616 bytes for Chunk::new
# Possible reasons:
#   The system is out of physical RAM or swap space
#   In 32 bit mode, the process size limit was hit
# Possible solutions:
#   Reduce memory load on the system
#   Increase physical memory or swap space
#   Check if swap backing store is full
#   Use 64 bit Java on a 64 bit OS
#   Decrease Java heap size (-Xmx/-Xms)
#   Decrease number of Java threads
#   Decrease Java thread stack sizes (-Xss)
#   Set larger code cache with -XX:ReservedCodeCacheSize=
# This output file may be truncated or incomplete.
#
#  Out of Memory Error (allocation.cpp:390), pid=11676, tid=6252
#
# JRE version: Java(TM) SE Runtime Environment (8.0_60-b27) (build 1.8.0_60-b27)
# Java VM: Java HotSpot(TM) 64-Bit Server VM (25.60-b23 mixed mode windows-amd64 compressed oops)
# Failed to write core dump. Minidumps are not enabled by default on client versions of Windows
#

---------------  T H R E A D  ---------------

Current thread (0x00000000562f4800):  JavaThread "C2 CompilerThread0" daemon [_thread_in_native, id=6252, stack(0x0000000056a70000,0x0000000056b70000)]

Stack: [0x0000000056a70000,0x0000000056b70000]
[error occurred during error reporting (printing stack bounds), id 0xc0000005]

Native frames: (J=compiled Java code, j=interpreted, Vv=VM code, C=native code)


Current CompileTask:
C2:  10138 1746       4       com.android.dx.cf.code.Simulator$SimVisitor::visitConstant (332 bytes)


---------------  P R O C E S S  ---------------

Java Threads: ( => current thread )
  0x000000005658c000 JavaThread "pool-2-thread-4" [_thread_in_Java, id=8576, stack(0x00000000560f0000,0x00000000561f0000)]
  0x0000000056589000 JavaThread "pool-2-thread-3" [_thread_blocked, id=7640, stack(0x00000000578a0000,0x00000000579a0000)]
  0x0000000056587800 JavaThread "pool-2-thread-2" [_thread_blocked, id=6732, stack(0x0000000057720000,0x0000000057820000)]
  0x0000000056586800 JavaThread "pool-3-thread-1" [_thread_blocked, id=5200, stack(0x0000000057530000,0x0000000057630000)]
  0x000000005658f000 JavaThread "pool-2-thread-1" [_thread_blocked, id=7976, stack(0x0000000057360000,0x0000000057460000)]
  0x0000000056364800 JavaThread "Service Thread" daemon [_thread_blocked, id=4752, stack(0x0000000056f40000,0x0000000057040000)]
  0x000000005630a800 JavaThread "C1 CompilerThread2" daemon [_thread_in_vm, id=9304, stack(0x0000000056e40000,0x0000000056f40000)]
  0x0000000054cee800 JavaThread "C2 CompilerThread1" daemon [_thread_in_native, id=10228, stack(0x0000000056ca0000,0x0000000056da0000)]
=>0x00000000562f4800 JavaThread "C2 CompilerThread0" daemon [_thread_in_native, id=6252, stack(0x0000000056a70000,0x0000000056b70000)]
  0x0000000054ce3000 JavaThread "Attach Listener" daemon [_thread_blocked, id=8508, stack(0x0000000056910000,0x0000000056a10000)]
  0x0000000054ce1800 JavaThread "Signal Dispatcher" daemon [_thread_blocked, id=3024, stack(0x0000000056710000,0x0000000056810000)]
  0x0000000054c87800 JavaThread "Finalizer" daemon [_thread_blocked, id=6852, stack(0x00000000561f0000,0x00000000562f0000)]
  0x0000000054c80800 JavaThread "Reference Handler" daemon [_thread_blocked, id=4352, stack(0x0000000055fe0000,0x00000000560e0000)]
  0x0000000001f4e800 JavaThread "main" [_thread_blocked, id=10988, stack(0x0000000002120000,0x0000000002220000)]

Other Threads:
  0x0000000054c7b000 VMThread [stack: 0x0000000055da0000,0x0000000055ea0000] [id=9480]
  0x000000005636c800 WatcherThread [stack: 0x0000000057170000,0x0000000057270000] [id=8012]

VM state:synchronizing (normal execution)

VM Mutex/Monitor currently owned by a thread:  ([mutex/lock_event])
[0x0000000001f4ca90] Safepoint_lock - owner thread: 0x0000000054c7b000
[0x0000000001f4cb10] Threads_lock - owner thread: 0x0000000054c7b000

Heap:
 PSYoungGen      total 68608K, used 8798K [0x00000000eab00000, 0x00000000ef300000, 0x0000000100000000)
  eden space 63488K, 5% used [0x00000000eab00000,0x00000000eae9f360,0x00000000ee900000)
  from space 5120K, 99% used [0x00000000ee900000,0x00000000eedf85c0,0x00000000eee00000)
  to   space 5120K, 0% used [0x00000000eee00000,0x00000000eee00000,0x00000000ef300000)
 ParOldGen       total 84992K, used 12399K [0x00000000c0000000, 0x00000000c5300000, 0x00000000eab00000)
  object space 84992K, 14% used [0x00000000c0000000,0x00000000c0c1bf80,0x00000000c5300000)
 Metaspace       used 6276K, capacity 7128K, committed 7424K, reserved 1056768K
  class space    used 620K, capacity 656K, committed 768K, reserved 1048576K

Card table byte_map: [0x00000000118b0000,0x0000000011ac0000] byte_map_base: 0x00000000112b0000

Marking Bits: (ParMarkBitMap*) 0x000000006fd3a5b0
 Begin Bits: [0x00000000120f0000, 0x00000000130f0000)
 End Bits:   [0x00000000130f0000, 0x00000000140f0000)

Polling page: 0x0000000000260000

CodeCache: size=245760Kb used=6955Kb max_used=6964Kb free=238804Kb
 bounds [0x00000000024f0000, 0x0000000002bd0000, 0x00000000114f0000]
 total_blobs=1943 nmethods=1675 adapters=181
 compilation: enabled

Compilation events (10 events):
Event: 8.638 Thread 0x00000000562f4800 1672       4       com.android.dx.dex.code.RopTranslator::outputBlock (202 bytes)
Event: 8.704 Thread 0x00000000562f4800 nmethod 1672 0x0000000002bc2b90 code [0x0000000002bc2e00, 0x0000000002bc49f8]
Event: 8.705 Thread 0x00000000562f4800 1673       4       com.android.dx.rop.type.Type::isIntlike (56 bytes)
Event: 8.705 Thread 0x00000000562f4800 nmethod 1673 0x0000000002af3c50 code [0x0000000002af3d80, 0x0000000002af3df8]
Event: 8.708 Thread 0x00000000562f4800 1748       4       java.util.HashMap::getNode (148 bytes)
Event: 8.712 Thread 0x00000000562f4800 nmethod 1748 0x0000000002ba6290 code [0x0000000002ba63e0, 0x0000000002ba6608]
Event: 8.712 Thread 0x00000000562f4800 1747       4       com.android.dx.ssa.DeadCodeRemover::pruneDeadInstructions (246 bytes)
Event: 8.723 Thread 0x00000000562f4800 nmethod 1747 0x0000000002ba7910 code [0x0000000002ba7aa0, 0x0000000002ba80b8]
Event: 8.723 Thread 0x00000000562f4800 1746       4       com.android.dx.cf.code.Simulator$SimVisitor::visitConstant (332 bytes)
Event: 9.140 Thread 0x000000005630a800 1756       3       com.android.dx.dex.code.RopTranslator$LocalVariableAwareTranslationVisitor::visitThrowingInsn (11 bytes)

GC Heap History (6 events):
Event: 2.485 GC heap before
{Heap before GC invocations=1 (full 0):
 PSYoungGen      total 36864K, used 31744K [0x00000000eab00000, 0x00000000ed400000, 0x0000000100000000)
  eden space 31744K, 100% used [0x00000000eab00000,0x00000000eca00000,0x00000000eca00000)
  from space 5120K, 0% used [0x00000000ecf00000,0x00000000ecf00000,0x00000000ed400000)
  to   space 5120K, 0% used [0x00000000eca00000,0x00000000eca00000,0x00000000ecf00000)
 ParOldGen       total 84992K, used 0K [0x00000000c0000000, 0x00000000c5300000, 0x00000000eab00000)
  object space 84992K, 0% used [0x00000000c0000000,0x00000000c0000000,0x00000000c5300000)
 Metaspace       used 5883K, capacity 6832K, committed 7040K, reserved 1056768K
  class space    used 597K, capacity 616K, committed 640K, reserved 1048576K
Event: 2.606 GC heap after
Heap after GC invocations=1 (full 0):
 PSYoungGen      total 36864K, used 5092K [0x00000000eab00000, 0x00000000ef300000, 0x0000000100000000)
  eden space 31744K, 0% used [0x00000000eab00000,0x00000000eab00000,0x00000000eca00000)
  from space 5120K, 99% used [0x00000000eca00000,0x00000000ecef9200,0x00000000ecf00000)
  to   space 5120K, 0% used [0x00000000eee00000,0x00000000eee00000,0x00000000ef300000)
 ParOldGen       total 84992K, used 757K [0x00000000c0000000, 0x00000000c5300000, 0x00000000eab00000)
  object space 84992K, 0% used [0x00000000c0000000,0x00000000c00bd740,0x00000000c5300000)
 Metaspace       used 5883K, capacity 6832K, committed 7040K, reserved 1056768K
  class space    used 597K, capacity 616K, committed 640K, reserved 1048576K
}
Event: 3.118 GC heap before
{Heap before GC invocations=2 (full 0):
 PSYoungGen      total 36864K, used 36836K [0x00000000eab00000, 0x00000000ef300000, 0x0000000100000000)
  eden space 31744K, 100% used [0x00000000eab00000,0x00000000eca00000,0x00000000eca00000)
  from space 5120K, 99% used [0x00000000eca00000,0x00000000ecef9200,0x00000000ecf00000)
  to   space 5120K, 0% used [0x00000000eee00000,0x00000000eee00000,0x00000000ef300000)
 ParOldGen       total 84992K, used 757K [0x00000000c0000000, 0x00000000c5300000, 0x00000000eab00000)
  object space 84992K, 0% used [0x00000000c0000000,0x00000000c00bd740,0x00000000c5300000)
 Metaspace       used 6073K, capacity 7024K, committed 7296K, reserved 1056768K
  class space    used 597K, capacity 616K, committed 640K, reserved 1048576K
Event: 3.302 GC heap after
Heap after GC invocations=2 (full 0):
 PSYoungGen      total 68608K, used 5119K [0x00000000eab00000, 0x00000000ef300000, 0x0000000100000000)
  eden space 63488K, 0% used [0x00000000eab00000,0x00000000eab00000,0x00000000ee900000)
  from space 5120K, 99% used [0x00000000eee00000,0x00000000ef2ffd28,0x00000000ef300000)
  to   space 5120K, 0% used [0x00000000ee900000,0x00000000ee900000,0x00000000eee00000)
 ParOldGen       total 84992K, used 4212K [0x00000000c0000000, 0x00000000c5300000, 0x00000000eab00000)
  object space 84992K, 4% used [0x00000000c0000000,0x00000000c041d048,0x00000000c5300000)
 Metaspace       used 6073K, capacity 7024K, committed 7296K, reserved 1056768K
  class space    used 597K, capacity 616K, committed 640K, reserved 1048576K
}
Event: 8.358 GC heap before
{Heap before GC invocations=3 (full 0):
 PSYoungGen      total 68608K, used 68607K [0x00000000eab00000, 0x00000000ef300000, 0x0000000100000000)
  eden space 63488K, 100% used [0x00000000eab00000,0x00000000ee900000,0x00000000ee900000)
  from space 5120K, 99% used [0x00000000eee00000,0x00000000ef2ffd28,0x00000000ef300000)
  to   space 5120K, 0% used [0x00000000ee900000,0x00000000ee900000,0x00000000eee00000)
 ParOldGen       total 84992K, used 4212K [0x00000000c0000000, 0x00000000c5300000, 0x00000000eab00000)
  object space 84992K, 4% used [0x00000000c0000000,0x00000000c041d048,0x00000000c5300000)
 Metaspace       used 6275K, capacity 7128K, committed 7424K, reserved 1056768K
  class space    used 620K, capacity 656K, committed 768K, reserved 1048576K
Event: 8.585 GC heap after
Heap after GC invocations=3 (full 0):
 PSYoungGen      total 68608K, used 5089K [0x00000000eab00000, 0x00000000ef300000, 0x0000000100000000)
  eden space 63488K, 0% used [0x00000000eab00000,0x00000000eab00000,0x00000000ee900000)
  from space 5120K, 99% used [0x00000000ee900000,0x00000000eedf85c0,0x00000000eee00000)
  to   space 5120K, 0% used [0x00000000eee00000,0x00000000eee00000,0x00000000ef300000)
 ParOldGen       total 84992K, used 12399K [0x00000000c0000000, 0x00000000c5300000, 0x00000000eab00000)
  object space 84992K, 14% used [0x00000000c0000000,0x00000000c0c1bf80,0x00000000c5300000)
 Metaspace       used 6275K, capacity 7128K, committed 7424K, reserved 1056768K
  class space    used 620K, capacity 656K, committed 768K, reserved 1048576K
}

Deoptimization events (10 events):
Event: 4.516 Thread 0x000000005658f000 Uncommon trap: reason=unstable_if action=reinterpret pc=0x0000000002ad2f30 method=com.android.dx.ssa.LiteralOpUpgrader$1.visitNonMoveInsn(Lcom/android/dx/ssa/NormalSsaInsn;)V @ 55
Event: 4.939 Thread 0x000000005658f000 Uncommon trap: reason=unstable_if action=reinterpret pc=0x0000000002968e94 method=java.util.HashMap.putVal(ILjava/lang/Object;Ljava/lang/Object;ZZ)Ljava/lang/Object; @ 162
Event: 7.276 Thread 0x000000005658f000 Uncommon trap: reason=unstable_if action=reinterpret pc=0x0000000002759250 method=java.util.HashMap.getNode(ILjava/lang/Object;)Ljava/util/HashMap$Node; @ 84
Event: 7.730 Thread 0x000000005658f000 Uncommon trap: reason=bimorphic action=maybe_recompile pc=0x0000000002b028c4 method=com.android.dx.cf.code.BytecodeArray.parseInstruction(ILcom/android/dx/cf/code/BytecodeArray$Visitor;)I @ 1161
Event: 7.731 Thread 0x000000005658f000 Uncommon trap: reason=bimorphic action=maybe_recompile pc=0x0000000002b028c4 method=com.android.dx.cf.code.BytecodeArray.parseInstruction(ILcom/android/dx/cf/code/BytecodeArray$Visitor;)I @ 1161
Event: 8.314 Thread 0x0000000001f4e800 Uncommon trap: reason=unstable_if action=reinterpret pc=0x0000000002aac144 method=com.android.dx.ssa.MoveParamCombiner$1.visitNonMoveInsn(Lcom/android/dx/ssa/NormalSsaInsn;)V @ 27
Event: 8.331 Thread 0x0000000001f4e800 Uncommon trap: reason=unstable_if action=reinterpret pc=0x000000000283b47c method=java.util.HashMap.getNode(ILjava/lang/Object;)Ljava/util/HashMap$Node; @ 84
Event: 8.356 Thread 0x0000000056587800 Uncommon trap: reason=bimorphic action=maybe_recompile pc=0x0000000002b05338 method=com.android.dx.cf.code.BytecodeArray.parseInstruction(ILcom/android/dx/cf/code/BytecodeArray$Visitor;)I @ 2484
Event: 8.356 Thread 0x0000000056587800 Uncommon trap: reason=bimorphic action=maybe_recompile pc=0x0000000002b05338 method=com.android.dx.cf.code.BytecodeArray.parseInstruction(ILcom/android/dx/cf/code/BytecodeArray$Visitor;)I @ 2484
Event: 9.142 Thread 0x000000005658c000 Uncommon trap: reason=unstable_if action=reinterpret pc=0x0000000002ba1dc0 method=java.util.HashMap.resize()[Ljava/util/HashMap$Node; @ 206

Internal exceptions (6 events):
Event: 0.547 Thread 0x0000000001f4e800 Exception <a 'java/lang/NoSuchMethodError': Method sun.misc.Unsafe.defineClass(Ljava/lang/String;[BII)Ljava/lang/Class; name or signature does not match> (0x00000000eab0d9e8) thrown at [C:\re\workspace\8-2-build-windows-amd64-cygwin\jdk8u60\4407\hotspot\srÚ<ÜU·~á?
Event: 0.547 Thread 0x0000000001f4e800 Exception <a 'java/lang/NoSuchMethodError': Method sun.misc.Unsafe.prefetchRead(Ljava/lang/Object;J)V name or signature does not match> (0x00000000eab0dcd0) thrown at [C:\re\workspace\8-2-build-windows-amd64-cygwin\jdk8u60\4407\hotspot\src\share\vm\prims\j¾êµÖÞ™þ?
Event: 1.913 Thread 0x0000000056587800 Implicit null exception at 0x00000000027eb1d2 to 0x00000000027eb2ca
Event: 5.935 Thread 0x000000005658f000 Exception <a 'java/lang/ArrayIndexOutOfBoundsException': 18> (0x00000000ed952580) thrown at [C:\re\workspace\8-2-build-windows-amd64-cygwin\jdk8u60\4407\hotspot\src\share\vm\interpreter\interpreterRuntime.cpp, line 366]
Event: 5.935 Thread 0x000000005658f000 Exception <a 'java/lang/ArrayIndexOutOfBoundsException': 145> (0x00000000ed954100) thrown at [C:\re\workspace\8-2-build-windows-amd64-cygwin\jdk8u60\4407\hotspot\src\share\vm\interpreter\interpreterRuntime.cpp, line 366]
Event: 6.826 Thread 0x000000005658f000 Exception <a 'java/lang/ArrayIndexOutOfBoundsException'> (0x00000000ed9553e8) thrown at [C:\re\workspace\8-2-build-windows-amd64-cygwin\jdk8u60\4407\hotspot\src\share\vm\runtime\sharedRuntime.cpp, line 605]

Events (10 events):
Event: 8.356 Thread 0x0000000056587800 DEOPT UNPACKING pc=0x000000000253582a sp=0x000000005781e7c8 mode 2
Event: 8.356 Thread 0x0000000056587800 Uncommon trap: trap_request=0xffffffc6 fr.pc=0x0000000002b05338
Event: 8.356 Thread 0x0000000056587800 DEOPT PACKING pc=0x0000000002b05338 sp=0x000000005781e6a0
Event: 8.356 Thread 0x0000000056587800 DEOPT UNPACKING pc=0x000000000253582a sp=0x000000005781e668 mode 2
Event: 8.357 Executing VM operation: ParallelGCFailedAllocation
Event: 8.585 Executing VM operation: ParallelGCFailedAllocation done
Event: 8.706 Thread 0x0000000056589000 DEOPT PACKING pc=0x000000000289cb39 sp=0x000000005799e480
Event: 8.706 Thread 0x0000000056589000 DEOPT UNPACKING pc=0x000000000253787f sp=0x000000005799e210 mode 0
Event: 9.142 Thread 0x000000005658c000 Uncommon trap: trap_request=0xffffff65 fr.pc=0x0000000002ba1dc0
Event: 9.142 Thread 0x000000005658c000 DEOPT PACKING pc=0x0000000002ba1dc0 sp=0x00000000561ee720


Dynamic libraries:
0x000000013f220000 - 0x000000013f257000 	C:\Program Files\Java\jdk1.8.0_60\bin\java.exe
0x00000000777b0000 - 0x000000007795b000 	C:\windows\SYSTEM32\ntdll.dll
0x0000000077590000 - 0x00000000776af000 	C:\windows\system32\kernel32.dll
0x000007fefd840000 - 0x000007fefd8aa000 	C:\windows\system32\KERNELBASE.dll
0x00000000753f0000 - 0x0000000075479000 	C:\windows\System32\SYSFER.DLL
0x000007feff9e0000 - 0x000007feffabb000 	C:\windows\system32\ADVAPI32.dll
0x000007fefdb10000 - 0x000007fefdbaf000 	C:\windows\system32\msvcrt.dll
0x000007fefdef0000 - 0x000007fefdf0f000 	C:\windows\SYSTEM32\sechost.dll
0x000007fefdc10000 - 0x000007fefdd3d000 	C:\windows\system32\RPCRT4.dll
0x00000000776b0000 - 0x00000000777aa000 	C:\windows\system32\USER32.dll
0x000007feff6f0000 - 0x000007feff757000 	C:\windows\system32\GDI32.dll
0x000007fefe060000 - 0x000007fefe06e000 	C:\windows\system32\LPK.dll
0x000007feff910000 - 0x000007feff9da000 	C:\windows\system32\USP10.dll
0x000007fefc140000 - 0x000007fefc334000 	C:\windows\WinSxS\amd64_microsoft.windows.common-controls_6595b64144ccf1df_6.0.7601.18837_none_fa3b1e3d17594757\COMCTL32.dll
0x000007fefdf10000 - 0x000007fefdf81000 	C:\windows\system32\SHLWAPI.dll
0x000007fefe030000 - 0x000007fefe05e000 	C:\windows\system32\IMM32.DLL
0x000007fefe070000 - 0x000007fefe179000 	C:\windows\system32\MSCTF.dll
0x0000000063280000 - 0x0000000063352000 	C:\Program Files\Java\jdk1.8.0_60\jre\bin\msvcr100.dll
0x000000006f530000 - 0x000000006fdb9000 	C:\Program Files\Java\jdk1.8.0_60\jre\bin\server\jvm.dll
0x000007fef8990000 - 0x000007fef8999000 	C:\windows\system32\WSOCK32.dll
0x000007fefdac0000 - 0x000007fefdb0d000 	C:\windows\system32\WS2_32.dll
0x000007fefe180000 - 0x000007fefe188000 	C:\windows\system32\NSI.dll
0x000007fefb300000 - 0x000007fefb33b000 	C:\windows\system32\WINMM.dll
0x000007fefc7d0000 - 0x000007fefc7dc000 	C:\windows\system32\VERSION.dll
0x0000000077980000 - 0x0000000077987000 	C:\windows\system32\PSAPI.DLL
0x00000000724b0000 - 0x00000000724bf000 	C:\Program Files\Java\jdk1.8.0_60\jre\bin\verify.dll
0x0000000072480000 - 0x00000000724a9000 	C:\Program Files\Java\jdk1.8.0_60\jre\bin\java.dll
0x0000000072460000 - 0x0000000072476000 	C:\Program Files\Java\jdk1.8.0_60\jre\bin\zip.dll
0x000007fefe3f0000 - 0x000007feff17c000 	C:\windows\system32\SHELL32.dll
0x000007feff4e0000 - 0x000007feff6e3000 	C:\windows\system32\ole32.dll
0x000007fefd6b0000 - 0x000007fefd6bf000 	C:\windows\system32\profapi.dll

VM Arguments:
jvm_args: -Djava.awt.headless=true -Xmx1024M -Dfile.encoding=windows-1252 -Duser.country=US -Duser.language=en -Duser.variant 
java_command: com.android.dx.command.Main --dex --force-jumbo --num-threads=4 --multi-dex --output C:\Users\cardosod\Downloads\FirebaseExample\app\build\intermediates\transforms\dex\debug\folders\1000\10\com.google.firebase-firebase-analytics-impl-9.0.0_a558c5b4217fefaeb5f82224b96099ae2b7630ec C:\Users\cardosod\Downloads\FirebaseExample\app\build\intermediates\exploded-aar\com.google.firebase\firebase-analytics-impl\9.0.0\jars\classes.jar
java_class_path (initial): C:\Users\cardosod\AppData\Local\Android\sdk1\build-tools\23.0.2\lib\dx.jar
Launcher Type: SUN_STANDARD

Environment Variables:
PATH=C:\windows\CCM\;C:\ProgramData\Oracle\Java\javapath;C:\Program Files (x86)\RSA SecurID Token Common;C:\windows\system32;C:\windows;C:\windows\System32\Wbem;C:\windows\System32\WindowsPowerShell\v1.0\;C:\Users\cardosod\Desktop\Eldorado\Fastboot;C:\Users\cardosod\Desktop\Eldorado\Scripts;C:\Program Files (x86)\Android\android-sdk\platform-tools;C:\Users\cardosod\Desktop\backup-new\X2_SubLock\modem_scripts_py27;C:\Python_3.5;C:\Python_3.5\Scripts;C:\Python_3.5\Lib\site-packages\django\bin;C:\Program Files\TortoiseSVN\bin;C:\Program Files\Java\jre7\bin;C:\Program Files (x86)\Skype\Phone\;C:\Program Files\CPV\ODM;C:\Users\cardosod\AppData\Local\Google\Chrome\Application;C:\ProgramData\Oracle\Java\javapath;C:\windows\system32;C:\windows;C:\windows\System32\Wbem;C:\windows\System32\WindowsPowerShell\v1.0\;C:\Users\cardosod\Desktop\Eldorado\Fastboot;C:\Users\cardosod\Desktop\Eldorado\Scripts;C:\Program Files (x86)\Android\android-sdk\platform-tools;C:\Users\cardosod\Desktop\backup-new\X2_SubLock\modem_scripts_py27;C:\Python27;C:\Program Files\CPV\ODM;C:\Users\cardosod\AppData\Local\Programs\Git\cmd
USERNAME=cardosod
OS=Windows_NT
PROCESSOR_IDENTIFIER=Intel64 Family 6 Model 69 Stepping 1, GenuineIntel



---------------  S Y S T E M  ---------------

OS: Windows 7 , 64 bit Build 7601 (6.1.7601.23455)

CPU:total 4 (2 cores per cpu, 2 threads per core) family 6 model 69 stepping 1, cmov, cx8, fxsr, mmx, sse, sse2, sse3, ssse3, sse4.1, sse4.2, popcnt, avx, avx2, aes, clmul, erms, lzcnt, ht, tsc, tscinvbit, bmi1, bmi2

Memory: 4k page, physical 8069036k(259188k free), swap 10123196k(231828k free)

vm_info: Java HotSpot(TM) 64-Bit Server VM (25.60-b23) for windows-amd64 JRE (1.8.0_60-b27), built on Aug  4 2015 11:06:27 by "java_re" with MS VC++ 10.0 (VS2010)

time: Tue Jul 26 07:53:22 2016
elapsed time: 10 seconds (0d 0h 0m 10s)

