#
# There is insufficient memory for the Java Runtime Environment to continue.
# Native memory allocation (malloc) failed to allocate 440816 bytes for Chunk::new
# Possible reasons:
#   The system is out of physical RAM or swap space
#   In 32 bit mode, the process size limit was hit
# Possible solutions:
#   Reduce memory load on the system
#   Increase physical memory or swap space
#   Check if swap backing store is full
#   Use 64 bit Java on a 64 bit OS
#   Decrease Java heap size (-Xmx/-Xms)
#   Decrease number of Java threads
#   Decrease Java thread stack sizes (-Xss)
#   Set larger code cache with -XX:ReservedCodeCacheSize=
# This output file may be truncated or incomplete.
#
#  Out of Memory Error (allocation.cpp:390), pid=11748, tid=4472
#
# JRE version: Java(TM) SE Runtime Environment (8.0_60-b27) (build 1.8.0_60-b27)
# Java VM: Java HotSpot(TM) 64-Bit Server VM (25.60-b23 mixed mode windows-amd64 compressed oops)
# Failed to write core dump. Minidumps are not enabled by default on client versions of Windows
#

---------------  T H R E A D  ---------------

Current thread (0x00000000564ea800):  JavaThread "C2 CompilerThread1" daemon [_thread_in_native, id=4472, stack(0x0000000056c50000,0x0000000056d50000)]

Stack: [0x0000000056c50000,0x0000000056d50000]
[error occurred during error reporting (printing stack bounds), id 0xc0000005]

Native frames: (J=compiled Java code, j=interpreted, Vv=VM code, C=native code)


Current CompileTask:
C2:  10385 1735 %     4       com.android.dx.ssa.SsaConverter::placePhiFunctions @ 131 (394 bytes)


---------------  P R O C E S S  ---------------

Java Threads: ( => current thread )
  0x0000000056807800 JavaThread "pool-2-thread-4" [_thread_blocked, id=5028, stack(0x0000000058020000,0x0000000058120000)]
  0x0000000056803800 JavaThread "pool-2-thread-3" [_thread_blocked, id=10964, stack(0x0000000057e60000,0x0000000057f60000)]
  0x0000000056800800 JavaThread "pool-2-thread-2" [_thread_blocked, id=5768, stack(0x0000000057c90000,0x0000000057d90000)]
  0x000000005674b800 JavaThread "pool-3-thread-1" [_thread_blocked, id=8312, stack(0x0000000057b80000,0x0000000057c80000)]
  0x000000005674a800 JavaThread "pool-2-thread-1" [_thread_blocked, id=10024, stack(0x0000000057990000,0x0000000057a90000)]
  0x000000005654e000 JavaThread "Service Thread" daemon [_thread_blocked, id=4300, stack(0x0000000057060000,0x0000000057160000)]
  0x00000000564eb800 JavaThread "C1 CompilerThread2" daemon [_thread_blocked, id=11240, stack(0x0000000056df0000,0x0000000056ef0000)]
=>0x00000000564ea800 JavaThread "C2 CompilerThread1" daemon [_thread_in_native, id=4472, stack(0x0000000056c50000,0x0000000056d50000)]
  0x00000000564e4800 JavaThread "C2 CompilerThread0" daemon [_thread_blocked, id=1380, stack(0x0000000056b50000,0x0000000056c50000)]
  0x0000000054e53000 JavaThread "Attach Listener" daemon [_thread_blocked, id=12132, stack(0x00000000560c0000,0x00000000561c0000)]
  0x0000000054e51800 JavaThread "Signal Dispatcher" daemon [_thread_blocked, id=6280, stack(0x00000000569b0000,0x0000000056ab0000)]
  0x0000000054df7800 JavaThread "Finalizer" daemon [_thread_blocked, id=6792, stack(0x00000000563e0000,0x00000000564e0000)]
  0x0000000054df0800 JavaThread "Reference Handler" daemon [_thread_blocked, id=5736, stack(0x00000000561c0000,0x00000000562c0000)]
  0x000000000213e800 JavaThread "main" [_thread_blocked, id=3056, stack(0x0000000002150000,0x0000000002250000)]

Other Threads:
  0x0000000054deb000 VMThread [stack: 0x0000000055f90000,0x0000000056090000] [id=10504]
  0x000000005651e800 WatcherThread [stack: 0x0000000055e50000,0x0000000055f50000] [id=7612]

VM state:not at safepoint (normal execution)

VM Mutex/Monitor currently owned by a thread: None

Heap:
 PSYoungGen      total 68608K, used 31870K [0x00000000eab00000, 0x00000000ef300000, 0x0000000100000000)
  eden space 63488K, 42% used [0x00000000eab00000,0x00000000ec524200,0x00000000ee900000)
  from space 5120K, 99% used [0x00000000eee00000,0x00000000ef2fb7c0,0x00000000ef300000)
  to   space 5120K, 0% used [0x00000000ee900000,0x00000000ee900000,0x00000000eee00000)
 ParOldGen       total 84992K, used 3713K [0x00000000c0000000, 0x00000000c5300000, 0x00000000eab00000)
  object space 84992K, 4% used [0x00000000c0000000,0x00000000c03a0560,0x00000000c5300000)
 Metaspace       used 6237K, capacity 7088K, committed 7296K, reserved 1056768K
  class space    used 600K, capacity 616K, committed 640K, reserved 1048576K

Card table byte_map: [0x0000000011980000,0x0000000011b90000] byte_map_base: 0x0000000011380000

Marking Bits: (ParMarkBitMap*) 0x000000006fd3a5b0
 Begin Bits: [0x0000000012260000, 0x0000000013260000)
 End Bits:   [0x0000000013260000, 0x0000000014260000)

Polling page: 0x0000000000150000

CodeCache: size=245760Kb used=7109Kb max_used=7126Kb free=238650Kb
 bounds [0x00000000025c0000, 0x0000000002cc0000, 0x00000000115c0000]
 total_blobs=1984 nmethods=1715 adapters=181
 compilation: disabled (not enough contiguous free space left)

Compilation events (10 events):
Event: 9.237 Thread 0x00000000564eb800 1742       3       com.android.dx.rop.cst.CstArray::<init> (28 bytes)
Event: 9.237 Thread 0x00000000564eb800 nmethod 1742 0x0000000002cad290 code [0x0000000002cad440, 0x0000000002cad958]
Event: 9.237 Thread 0x00000000564eb800 1743       1       com.android.dx.cf.attrib.AttSignature::byteLength (3 bytes)
Event: 9.237 Thread 0x00000000564eb800 nmethod 1743 0x0000000002cadb90 code [0x0000000002cadce0, 0x0000000002caddf0]
Event: 9.239 Thread 0x00000000564eb800 1745       3       com.android.dx.dex.file.AnnotationUtils::makeSignature (251 bytes)
Event: 9.241 Thread 0x00000000564ea800 nmethod 1688 0x0000000002cb1ed0 code [0x0000000002cb2120, 0x0000000002cb3530]
Event: 9.241 Thread 0x00000000564ea800 1735 %     4       com.android.dx.ssa.SsaConverter::placePhiFunctions @ 131 (394 bytes)
Event: 9.242 Thread 0x00000000564eb800 nmethod 1745 0x0000000002cb5890 code [0x0000000002cb5ce0, 0x0000000002cb86a8]
Event: 9.252 Thread 0x00000000564eb800 1746       3       com.android.dx.rop.code.CstInsn::contentEquals (31 bytes)
Event: 9.252 Thread 0x00000000564eb800 nmethod 1746 0x0000000002cb0290 code [0x0000000002cb0420, 0x0000000002cb0898]

GC Heap History (4 events):
Event: 2.489 GC heap before
{Heap before GC invocations=1 (full 0):
 PSYoungGen      total 36864K, used 31744K [0x00000000eab00000, 0x00000000ed400000, 0x0000000100000000)
  eden space 31744K, 100% used [0x00000000eab00000,0x00000000eca00000,0x00000000eca00000)
  from space 5120K, 0% used [0x00000000ecf00000,0x00000000ecf00000,0x00000000ed400000)
  to   space 5120K, 0% used [0x00000000eca00000,0x00000000eca00000,0x00000000ecf00000)
 ParOldGen       total 84992K, used 0K [0x00000000c0000000, 0x00000000c5300000, 0x00000000eab00000)
  object space 84992K, 0% used [0x00000000c0000000,0x00000000c0000000,0x00000000c5300000)
 Metaspace       used 5844K, capacity 6768K, committed 7040K, reserved 1056768K
  class space    used 599K, capacity 616K, committed 640K, reserved 1048576K
Event: 2.522 GC heap after
Heap after GC invocations=1 (full 0):
 PSYoungGen      total 36864K, used 5113K [0x00000000eab00000, 0x00000000ef300000, 0x0000000100000000)
  eden space 31744K, 0% used [0x00000000eab00000,0x00000000eab00000,0x00000000eca00000)
  from space 5120K, 99% used [0x00000000eca00000,0x00000000ecefe768,0x00000000ecf00000)
  to   space 5120K, 0% used [0x00000000eee00000,0x00000000eee00000,0x00000000ef300000)
 ParOldGen       total 84992K, used 305K [0x00000000c0000000, 0x00000000c5300000, 0x00000000eab00000)
  object space 84992K, 0% used [0x00000000c0000000,0x00000000c004c6c8,0x00000000c5300000)
 Metaspace       used 5844K, capacity 6768K, committed 7040K, reserved 1056768K
  class space    used 599K, capacity 616K, committed 640K, reserved 1048576K
}
Event: 7.156 GC heap before
{Heap before GC invocations=2 (full 0):
 PSYoungGen      total 36864K, used 36857K [0x00000000eab00000, 0x00000000ef300000, 0x0000000100000000)
  eden space 31744K, 100% used [0x00000000eab00000,0x00000000eca00000,0x00000000eca00000)
  from space 5120K, 99% used [0x00000000eca00000,0x00000000ecefe768,0x00000000ecf00000)
  to   space 5120K, 0% used [0x00000000eee00000,0x00000000eee00000,0x00000000ef300000)
 ParOldGen       total 84992K, used 305K [0x00000000c0000000, 0x00000000c5300000, 0x00000000eab00000)
  object space 84992K, 0% used [0x00000000c0000000,0x00000000c004c6c8,0x00000000c5300000)
 Metaspace       used 6130K, capacity 7024K, committed 7296K, reserved 1056768K
  class space    used 600K, capacity 616K, committed 640K, reserved 1048576K
Event: 7.214 GC heap after
Heap after GC invocations=2 (full 0):
 PSYoungGen      total 68608K, used 5101K [0x00000000eab00000, 0x00000000ef300000, 0x0000000100000000)
  eden space 63488K, 0% used [0x00000000eab00000,0x00000000eab00000,0x00000000ee900000)
  from space 5120K, 99% used [0x00000000eee00000,0x00000000ef2fb7c0,0x00000000ef300000)
  to   space 5120K, 0% used [0x00000000ee900000,0x00000000ee900000,0x00000000eee00000)
 ParOldGen       total 84992K, used 3713K [0x00000000c0000000, 0x00000000c5300000, 0x00000000eab00000)
  object space 84992K, 4% used [0x00000000c0000000,0x00000000c03a0560,0x00000000c5300000)
 Metaspace       used 6130K, capacity 7024K, committed 7296K, reserved 1056768K
  class space    used 600K, capacity 616K, committed 640K, reserved 1048576K
}

Deoptimization events (10 events):
Event: 5.166 Thread 0x000000005674a800 Uncommon trap: reason=unstable_if action=reinterpret pc=0x00000000027ca294 method=java.util.HashMap.getNode(ILjava/lang/Object;)Ljava/util/HashMap$Node; @ 84
Event: 5.166 Thread 0x000000005674a800 Uncommon trap: reason=unstable_if action=reinterpret pc=0x000000000279f2fc method=java.util.HashMap.getNode(ILjava/lang/Object;)Ljava/util/HashMap$Node; @ 84
Event: 5.965 Thread 0x0000000056807800 Uncommon trap: reason=bimorphic action=maybe_recompile pc=0x0000000002ab9cf4 method=com.android.dx.ssa.SCCP.simulatePhi(Lcom/android/dx/ssa/PhiInsn;)V @ 124
Event: 5.967 Thread 0x000000000213e800 Uncommon trap: reason=unstable_if action=reinterpret pc=0x0000000002ad8e28 method=com.android.dx.rop.cst.StdConstantPool.set(ILcom/android/dx/rop/cst/Constant;)V @ 12
Event: 6.624 Thread 0x0000000056807800 Uncommon trap: reason=unstable_if action=reinterpret pc=0x0000000002b53ee0 method=com.android.dx.ssa.LiteralOpUpgrader$1.visitNonMoveInsn(Lcom/android/dx/ssa/NormalSsaInsn;)V @ 55
Event: 6.625 Thread 0x0000000056807800 Uncommon trap: reason=unstable_if action=reinterpret pc=0x0000000002a936cc method=com.android.dx.ssa.SsaMethod.updateOneDefinition(Lcom/android/dx/ssa/SsaInsn;Lcom/android/dx/rop/code/RegisterSpec;)V @ 4
Event: 9.171 Thread 0x0000000056803800 Uncommon trap: reason=bimorphic action=maybe_recompile pc=0x0000000002b57518 method=com.android.dx.ssa.LiteralOpUpgrader.tryReplacingWithConstant(Lcom/android/dx/ssa/NormalSsaInsn;)Z @ 52
Event: 9.171 Thread 0x0000000056803800 Uncommon trap: reason=unstable_if action=reinterpret pc=0x0000000002b62014 method=com.android.dx.dex.code.RopToDop.dopFor(Lcom/android/dx/rop/code/Insn;)Lcom/android/dx/dex/code/Dop; @ 747
Event: 9.189 Thread 0x0000000056807800 Uncommon trap: reason=unstable_if action=reinterpret pc=0x0000000002abe3f4 method=com.android.dx.ssa.SCCP.simulateBranch(Lcom/android/dx/ssa/SsaInsn;)V @ 548
Event: 9.253 Thread 0x000000005674a800 Uncommon trap: reason=unstable_if action=reinterpret pc=0x0000000002bfb914 method=com.android.dx.cf.code.Merger.mergeType(Lcom/android/dx/rop/type/TypeBearer;Lcom/android/dx/rop/type/TypeBearer;)Lcom/android/dx/rop/type/TypeBearer; @ 52

Internal exceptions (3 events):
Event: 0.551 Thread 0x000000000213e800 Exception <a 'java/lang/NoSuchMethodError': Method sun.misc.Unsafe.defineClass(Ljava/lang/String;[BII)Ljava/lang/Class; name or signature does not match> (0x00000000eab0d870) thrown at [C:\re\workspace\8-2-build-windows-amd64-cygwin\jdk8u60\4407\hotspot\srß‡E³
Event: 0.551 Thread 0x000000000213e800 Exception <a 'java/lang/NoSuchMethodError': Method sun.misc.Unsafe.prefetchRead(Ljava/lang/Object;J)V name or signature does not match> (0x00000000eab0db58) thrown at [C:\re\workspace\8-2-build-windows-amd64-cygwin\jdk8u60\4407\hotspot\src\share\vm\prims\jÍƒöôÊð@
Event: 3.118 Thread 0x0000000056800800 Implicit null exception at 0x000000000281cf52 to 0x000000000281d04a

Events (10 events):
Event: 9.171 Thread 0x0000000056803800 DEOPT PACKING pc=0x0000000002b62014 sp=0x0000000057f5ea60
Event: 9.171 Thread 0x0000000056803800 DEOPT UNPACKING pc=0x000000000260582a sp=0x0000000057f5ea00 mode 2
Event: 9.180 Thread 0x0000000056807800 DEOPT PACKING pc=0x0000000002984723 sp=0x000000005811e1b0
Event: 9.180 Thread 0x0000000056807800 DEOPT UNPACKING pc=0x000000000260787f sp=0x000000005811dfc0 mode 0
Event: 9.189 Thread 0x0000000056807800 Uncommon trap: trap_request=0xffffff65 fr.pc=0x0000000002abe3f4
Event: 9.189 Thread 0x0000000056807800 DEOPT PACKING pc=0x0000000002abe3f4 sp=0x000000005811e4c0
Event: 9.189 Thread 0x0000000056807800 DEOPT UNPACKING pc=0x000000000260582a sp=0x000000005811e488 mode 2
Event: 9.253 Thread 0x000000005674a800 Uncommon trap: trap_request=0xffffff65 fr.pc=0x0000000002bfb914
Event: 9.253 Thread 0x000000005674a800 DEOPT PACKING pc=0x0000000002bfb914 sp=0x0000000057a8e790
Event: 9.253 Thread 0x000000005674a800 DEOPT UNPACKING pc=0x000000000260582a sp=0x0000000057a8e720 mode 2


Dynamic libraries:
0x000000013f220000 - 0x000000013f257000 	C:\Program Files\Java\jdk1.8.0_60\bin\java.exe
0x00000000777b0000 - 0x000000007795b000 	C:\windows\SYSTEM32\ntdll.dll
0x0000000077590000 - 0x00000000776af000 	C:\windows\system32\kernel32.dll
0x000007fefd840000 - 0x000007fefd8aa000 	C:\windows\system32\KERNELBASE.dll
0x00000000753f0000 - 0x0000000075479000 	C:\windows\System32\SYSFER.DLL
0x000007feff9e0000 - 0x000007feffabb000 	C:\windows\system32\ADVAPI32.dll
0x000007fefdb10000 - 0x000007fefdbaf000 	C:\windows\system32\msvcrt.dll
0x000007fefdef0000 - 0x000007fefdf0f000 	C:\windows\SYSTEM32\sechost.dll
0x000007fefdc10000 - 0x000007fefdd3d000 	C:\windows\system32\RPCRT4.dll
0x00000000776b0000 - 0x00000000777aa000 	C:\windows\system32\USER32.dll
0x000007feff6f0000 - 0x000007feff757000 	C:\windows\system32\GDI32.dll
0x000007fefe060000 - 0x000007fefe06e000 	C:\windows\system32\LPK.dll
0x000007feff910000 - 0x000007feff9da000 	C:\windows\system32\USP10.dll
0x000007fefc140000 - 0x000007fefc334000 	C:\windows\WinSxS\amd64_microsoft.windows.common-controls_6595b64144ccf1df_6.0.7601.18837_none_fa3b1e3d17594757\COMCTL32.dll
0x000007fefdf10000 - 0x000007fefdf81000 	C:\windows\system32\SHLWAPI.dll
0x000007fefe030000 - 0x000007fefe05e000 	C:\windows\system32\IMM32.DLL
0x000007fefe070000 - 0x000007fefe179000 	C:\windows\system32\MSCTF.dll
0x0000000063280000 - 0x0000000063352000 	C:\Program Files\Java\jdk1.8.0_60\jre\bin\msvcr100.dll
0x000000006f530000 - 0x000000006fdb9000 	C:\Program Files\Java\jdk1.8.0_60\jre\bin\server\jvm.dll
0x000007fef8990000 - 0x000007fef8999000 	C:\windows\system32\WSOCK32.dll
0x000007fefdac0000 - 0x000007fefdb0d000 	C:\windows\system32\WS2_32.dll
0x000007fefe180000 - 0x000007fefe188000 	C:\windows\system32\NSI.dll
0x000007fefb300000 - 0x000007fefb33b000 	C:\windows\system32\WINMM.dll
0x000007fefc7d0000 - 0x000007fefc7dc000 	C:\windows\system32\VERSION.dll
0x0000000077980000 - 0x0000000077987000 	C:\windows\system32\PSAPI.DLL
0x00000000724b0000 - 0x00000000724bf000 	C:\Program Files\Java\jdk1.8.0_60\jre\bin\verify.dll
0x0000000072480000 - 0x00000000724a9000 	C:\Program Files\Java\jdk1.8.0_60\jre\bin\java.dll
0x0000000072460000 - 0x0000000072476000 	C:\Program Files\Java\jdk1.8.0_60\jre\bin\zip.dll
0x000007fefe3f0000 - 0x000007feff17c000 	C:\windows\system32\SHELL32.dll
0x000007feff4e0000 - 0x000007feff6e3000 	C:\windows\system32\ole32.dll
0x000007fefd6b0000 - 0x000007fefd6bf000 	C:\windows\system32\profapi.dll

VM Arguments:
jvm_args: -Djava.awt.headless=true -Xmx1024M -Dfile.encoding=windows-1252 -Duser.country=US -Duser.language=en -Duser.variant 
java_command: com.android.dx.command.Main --dex --force-jumbo --num-threads=4 --multi-dex --output C:\Users\cardosod\Downloads\FirebaseExample\app\build\intermediates\transforms\dex\debug\folders\1000\10\com.google.android.gms-play-services-basement-9.0.0_d1d660f9e9049cf174adb6721afe1b9ef34b37eb C:\Users\cardosod\Downloads\FirebaseExample\app\build\intermediates\exploded-aar\com.google.android.gms\play-services-basement\9.0.0\jars\classes.jar
java_class_path (initial): C:\Users\cardosod\AppData\Local\Android\sdk1\build-tools\23.0.2\lib\dx.jar
Launcher Type: SUN_STANDARD

Environment Variables:
PATH=C:\windows\CCM\;C:\ProgramData\Oracle\Java\javapath;C:\Program Files (x86)\RSA SecurID Token Common;C:\windows\system32;C:\windows;C:\windows\System32\Wbem;C:\windows\System32\WindowsPowerShell\v1.0\;C:\Users\cardosod\Desktop\Eldorado\Fastboot;C:\Users\cardosod\Desktop\Eldorado\Scripts;C:\Program Files (x86)\Android\android-sdk\platform-tools;C:\Users\cardosod\Desktop\backup-new\X2_SubLock\modem_scripts_py27;C:\Python_3.5;C:\Python_3.5\Scripts;C:\Python_3.5\Lib\site-packages\django\bin;C:\Program Files\TortoiseSVN\bin;C:\Program Files\Java\jre7\bin;C:\Program Files (x86)\Skype\Phone\;C:\Program Files\CPV\ODM;C:\Users\cardosod\AppData\Local\Google\Chrome\Application;C:\ProgramData\Oracle\Java\javapath;C:\windows\system32;C:\windows;C:\windows\System32\Wbem;C:\windows\System32\WindowsPowerShell\v1.0\;C:\Users\cardosod\Desktop\Eldorado\Fastboot;C:\Users\cardosod\Desktop\Eldorado\Scripts;C:\Program Files (x86)\Android\android-sdk\platform-tools;C:\Users\cardosod\Desktop\backup-new\X2_SubLock\modem_scripts_py27;C:\Python27;C:\Program Files\CPV\ODM;C:\Users\cardosod\AppData\Local\Programs\Git\cmd
USERNAME=cardosod
OS=Windows_NT
PROCESSOR_IDENTIFIER=Intel64 Family 6 Model 69 Stepping 1, GenuineIntel



---------------  S Y S T E M  ---------------

OS: Windows 7 , 64 bit Build 7601 (6.1.7601.23455)

CPU:total 4 (2 cores per cpu, 2 threads per core) family 6 model 69 stepping 1, cmov, cx8, fxsr, mmx, sse, sse2, sse3, ssse3, sse4.1, sse4.2, popcnt, avx, avx2, aes, clmul, erms, lzcnt, ht, tsc, tscinvbit, bmi1, bmi2

Memory: 4k page, physical 8069036k(256484k free), swap 10123196k(231756k free)

vm_info: Java HotSpot(TM) 64-Bit Server VM (25.60-b23) for windows-amd64 JRE (1.8.0_60-b27), built on Aug  4 2015 11:06:27 by "java_re" with MS VC++ 10.0 (VS2010)

time: Tue Jul 26 07:53:22 2016
elapsed time: 10 seconds (0d 0h 0m 10s)

